
Running 180 tests using 6 workers

[1/180] [chromium] › e2e\banner.spec.ts:12:7 › Sticky Live Score Banner (Tier 1) › Banner is visible on homepage
[2/180] [chromium] › e2e\banner.spec.ts:23:7 › Sticky Live Score Banner (Tier 1) › Banner is visible on match details page
[3/180] [chromium] › e2e\banner.spec.ts:28:7 › Sticky Live Score Banner (Tier 1) › User can close/minimize the banner
[4/180] [chromium] › e2e\banner.spec.ts:18:7 › Sticky Live Score Banner (Tier 1) › Banner is visible on matches page
[5/180] [chromium] › e2e\banner.spec.ts:34:7 › Sticky Live Score Banner (Tier 1) › Sticky banner handles mobile layout
[6/180] [chromium] › e2e\banner.spec.ts:43:7 › Sticky Live Score Banner (Tier 2 - Boundaries & Error Cases) › Banner behaviour when no live matches are active
[chromium] › e2e\banner.spec.ts:12:7 › Sticky Live Score Banner (Tier 1) › Banner is visible on homepage
PAGE LOG: %cDownload the React DevTools for a better development experience: https://react.dev/link/react-devtools font-weight:bold

[chromium] › e2e\banner.spec.ts:28:7 › Sticky Live Score Banner (Tier 1) › User can close/minimize the banner
PAGE LOG: %cDownload the React DevTools for a better development experience: https://react.dev/link/react-devtools font-weight:bold

[chromium] › e2e\banner.spec.ts:12:7 › Sticky Live Score Banner (Tier 1) › Banner is visible on homepage
PAGE LOG: [HMR] connected

[chromium] › e2e\banner.spec.ts:28:7 › Sticky Live Score Banner (Tier 1) › User can close/minimize the banner
PAGE LOG: [HMR] connected

[chromium] › e2e\banner.spec.ts:12:7 › Sticky Live Score Banner (Tier 1) › Banner is visible on homepage
PAGE LOG: %c%s%c Server mockFetch matches rangeHeader: background: #e6e6e6;background: light-dark(rgba(0,0,0,0.1), rgba(255,255,255,0.25));color: #000000;color: light-dark(#000000, #ffffff);border-radius: 2px  Server   null rangeStart: 0

[chromium] › e2e\banner.spec.ts:28:7 › Sticky Live Score Banner (Tier 1) › User can close/minimize the banner
PAGE LOG: %c%s%c Server mockFetch matches rangeHeader: background: #e6e6e6;background: light-dark(rgba(0,0,0,0.1), rgba(255,255,255,0.25));color: #000000;color: light-dark(#000000, #ffffff);border-radius: 2px  Server   null rangeStart: 0

[chromium] › e2e\banner.spec.ts:18:7 › Sticky Live Score Banner (Tier 1) › Banner is visible on matches page
PAGE LOG: %cDownload the React DevTools for a better development experience: https://react.dev/link/react-devtools font-weight:bold

[chromium] › e2e\banner.spec.ts:34:7 › Sticky Live Score Banner (Tier 1) › Sticky banner handles mobile layout
PAGE LOG: %cDownload the React DevTools for a better development experience: https://react.dev/link/react-devtools font-weight:bold

[chromium] › e2e\banner.spec.ts:43:7 › Sticky Live Score Banner (Tier 2 - Boundaries & Error Cases) › Banner behaviour when no live matches are active
PAGE LOG: %cDownload the React DevTools for a better development experience: https://react.dev/link/react-devtools font-weight:bold

[chromium] › e2e\banner.spec.ts:34:7 › Sticky Live Score Banner (Tier 1) › Sticky banner handles mobile layout
PAGE LOG: [HMR] connected

[chromium] › e2e\banner.spec.ts:18:7 › Sticky Live Score Banner (Tier 1) › Banner is visible on matches page
PAGE LOG: [HMR] connected

[chromium] › e2e\banner.spec.ts:34:7 › Sticky Live Score Banner (Tier 1) › Sticky banner handles mobile layout
PAGE LOG: %c%s%c Server mockFetch matches rangeHeader: background: #e6e6e6;background: light-dark(rgba(0,0,0,0.1), rgba(255,255,255,0.25));color: #000000;color: light-dark(#000000, #ffffff);border-radius: 2px  Server   null rangeStart: 0

[chromium] › e2e\banner.spec.ts:18:7 › Sticky Live Score Banner (Tier 1) › Banner is visible on matches page
PAGE LOG: %c%s%c Server mockFetch matches rangeHeader: background: #e6e6e6;background: light-dark(rgba(0,0,0,0.1), rgba(255,255,255,0.25));color: #000000;color: light-dark(#000000, #ffffff);border-radius: 2px  Server   null rangeStart: 0

[chromium] › e2e\banner.spec.ts:43:7 › Sticky Live Score Banner (Tier 2 - Boundaries & Error Cases) › Banner behaviour when no live matches are active
PAGE LOG: [HMR] connected

PAGE LOG: %c%s%c Server mockFetch matches rangeHeader: background: #e6e6e6;background: light-dark(rgba(0,0,0,0.1), rgba(255,255,255,0.25));color: #000000;color: light-dark(#000000, #ffffff);border-radius: 2px  Server   null rangeStart: 0

PAGE LOG: %c%s%c Server mockFetch matches rangeHeader: background: #e6e6e6;background: light-dark(rgba(0,0,0,0.1), rgba(255,255,255,0.25));color: #000000;color: light-dark(#000000, #ffffff);border-radius: 2px  Server   null rangeStart: 0

[chromium] › e2e\banner.spec.ts:18:7 › Sticky Live Score Banner (Tier 1) › Banner is visible on matches page
PAGE LOG: [Fast Refresh] rebuilding

[chromium] › e2e\banner.spec.ts:28:7 › Sticky Live Score Banner (Tier 1) › User can close/minimize the banner
PAGE LOG: [Fast Refresh] rebuilding

[chromium] › e2e\banner.spec.ts:12:7 › Sticky Live Score Banner (Tier 1) › Banner is visible on homepage
PAGE LOG: [Fast Refresh] rebuilding

[chromium] › e2e\banner.spec.ts:34:7 › Sticky Live Score Banner (Tier 1) › Sticky banner handles mobile layout
PAGE LOG: [Fast Refresh] rebuilding

[chromium] › e2e\banner.spec.ts:23:7 › Sticky Live Score Banner (Tier 1) › Banner is visible on match details page
PAGE LOG: %cDownload the React DevTools for a better development experience: https://react.dev/link/react-devtools font-weight:bold

[chromium] › e2e\banner.spec.ts:12:7 › Sticky Live Score Banner (Tier 1) › Banner is visible on homepage
PAGE LOG: [Fast Refresh] done in 318ms

[chromium] › e2e\banner.spec.ts:34:7 › Sticky Live Score Banner (Tier 1) › Sticky banner handles mobile layout
PAGE LOG: [Fast Refresh] done in 313ms

[chromium] › e2e\banner.spec.ts:28:7 › Sticky Live Score Banner (Tier 1) › User can close/minimize the banner
PAGE LOG: [Fast Refresh] done in 318ms

[chromium] › e2e\banner.spec.ts:18:7 › Sticky Live Score Banner (Tier 1) › Banner is visible on matches page
PAGE LOG: [Fast Refresh] done in 317ms

PAGE LOG: [Fast Refresh] rebuilding

[chromium] › e2e\banner.spec.ts:43:7 › Sticky Live Score Banner (Tier 2 - Boundaries & Error Cases) › Banner behaviour when no live matches are active
PAGE LOG: [Fast Refresh] rebuilding

[chromium] › e2e\banner.spec.ts:12:7 › Sticky Live Score Banner (Tier 1) › Banner is visible on homepage
PAGE LOG: [Fast Refresh] rebuilding

[chromium] › e2e\banner.spec.ts:34:7 › Sticky Live Score Banner (Tier 1) › Sticky banner handles mobile layout
PAGE LOG: [Fast Refresh] rebuilding

[chromium] › e2e\banner.spec.ts:28:7 › Sticky Live Score Banner (Tier 1) › User can close/minimize the banner
PAGE LOG: [Fast Refresh] rebuilding

[chromium] › e2e\banner.spec.ts:12:7 › Sticky Live Score Banner (Tier 1) › Banner is visible on homepage
PAGE LOG: [Fast Refresh] done in 905ms

[chromium] › e2e\banner.spec.ts:18:7 › Sticky Live Score Banner (Tier 1) › Banner is visible on matches page
PAGE LOG: [Fast Refresh] done in 904ms

[chromium] › e2e\banner.spec.ts:34:7 › Sticky Live Score Banner (Tier 1) › Sticky banner handles mobile layout
PAGE LOG: [Fast Refresh] done in 904ms

[chromium] › e2e\banner.spec.ts:28:7 › Sticky Live Score Banner (Tier 1) › User can close/minimize the banner
PAGE LOG: [Fast Refresh] done in 905ms

[chromium] › e2e\banner.spec.ts:43:7 › Sticky Live Score Banner (Tier 2 - Boundaries & Error Cases) › Banner behaviour when no live matches are active
PAGE LOG: [Fast Refresh] done in 908ms

[chromium] › e2e\banner.spec.ts:23:7 › Sticky Live Score Banner (Tier 1) › Banner is visible on match details page
PAGE LOG: [HMR] connected

PAGE LOG: %c%s%c Server mockFetch matches rangeHeader: background: #e6e6e6;background: light-dark(rgba(0,0,0,0.1), rgba(255,255,255,0.25));color: #000000;color: light-dark(#000000, #ffffff);border-radius: 2px  Server   null rangeStart: 0

PAGE LOG: %c%s%c Server mockFetch matches rangeHeader: background: #e6e6e6;background: light-dark(rgba(0,0,0,0.1), rgba(255,255,255,0.25));color: #000000;color: light-dark(#000000, #ffffff);border-radius: 2px  Server   null rangeStart: 0

PAGE LOG: %c%s%c Server mockFetch matches rangeHeader: background: #e6e6e6;background: light-dark(rgba(0,0,0,0.1), rgba(255,255,255,0.25));color: #000000;color: light-dark(#000000, #ffffff);border-radius: 2px  Server   null rangeStart: 0

PAGE LOG: %c%s%c Server mockFetch matches rangeHeader: background: #e6e6e6;background: light-dark(rgba(0,0,0,0.1), rgba(255,255,255,0.25));color: #000000;color: light-dark(#000000, #ffffff);border-radius: 2px  Server   null rangeStart: 0

[chromium] › e2e\banner.spec.ts:28:7 › Sticky Live Score Banner (Tier 1) › User can close/minimize the banner
PAGE LOG: [Fast Refresh] rebuilding

[chromium] › e2e\banner.spec.ts:34:7 › Sticky Live Score Banner (Tier 1) › Sticky banner handles mobile layout
PAGE LOG: [Fast Refresh] rebuilding

[chromium] › e2e\banner.spec.ts:43:7 › Sticky Live Score Banner (Tier 2 - Boundaries & Error Cases) › Banner behaviour when no live matches are active
PAGE LOG: [Fast Refresh] rebuilding

[chromium] › e2e\banner.spec.ts:23:7 › Sticky Live Score Banner (Tier 1) › Banner is visible on match details page
PAGE LOG: [Fast Refresh] rebuilding

[chromium] › e2e\banner.spec.ts:18:7 › Sticky Live Score Banner (Tier 1) › Banner is visible on matches page
PAGE LOG: [Fast Refresh] rebuilding

[chromium] › e2e\banner.spec.ts:12:7 › Sticky Live Score Banner (Tier 1) › Banner is visible on homepage
PAGE LOG: [Fast Refresh] rebuilding

PAGE LOG: [Fast Refresh] done in 318ms

[chromium] › e2e\banner.spec.ts:23:7 › Sticky Live Score Banner (Tier 1) › Banner is visible on match details page
PAGE LOG: [Fast Refresh] done in 363ms

[chromium] › e2e\banner.spec.ts:28:7 › Sticky Live Score Banner (Tier 1) › User can close/minimize the banner
PAGE LOG: [Fast Refresh] done in 365ms

[chromium] › e2e\banner.spec.ts:18:7 › Sticky Live Score Banner (Tier 1) › Banner is visible on matches page
PAGE LOG: [Fast Refresh] done in 362ms

[chromium] › e2e\banner.spec.ts:43:7 › Sticky Live Score Banner (Tier 2 - Boundaries & Error Cases) › Banner behaviour when no live matches are active
PAGE LOG: [Fast Refresh] done in 401ms

[chromium] › e2e\banner.spec.ts:34:7 › Sticky Live Score Banner (Tier 1) › Sticky banner handles mobile layout
PAGE LOG: [Fast Refresh] done in 402ms

[chromium] › e2e\banner.spec.ts:23:7 › Sticky Live Score Banner (Tier 1) › Banner is visible on match details page
PAGE LOG: [Fast Refresh] rebuilding

[chromium] › e2e\banner.spec.ts:12:7 › Sticky Live Score Banner (Tier 1) › Banner is visible on homepage
PAGE LOG: [Fast Refresh] rebuilding

[7/180] [chromium] › e2e\banner.spec.ts:58:7 › Sticky Live Score Banner (Tier 2 - Boundaries & Error Cases) › API failure handles gracefully without breaking banner
[chromium] › e2e\banner.spec.ts:18:7 › Sticky Live Score Banner (Tier 1) › Banner is visible on matches page
PAGE LOG: [Fast Refresh] rebuilding

[chromium] › e2e\banner.spec.ts:28:7 › Sticky Live Score Banner (Tier 1) › User can close/minimize the banner
PAGE LOG: [Fast Refresh] rebuilding

[chromium] › e2e\banner.spec.ts:34:7 › Sticky Live Score Banner (Tier 1) › Sticky banner handles mobile layout
PAGE LOG: [Fast Refresh] rebuilding

[chromium] › e2e\banner.spec.ts:12:7 › Sticky Live Score Banner (Tier 1) › Banner is visible on homepage
PAGE LOG: [Fast Refresh] done in 457ms

[chromium] › e2e\banner.spec.ts:18:7 › Sticky Live Score Banner (Tier 1) › Banner is visible on matches page
PAGE LOG: [Fast Refresh] done in 461ms

[chromium] › e2e\banner.spec.ts:23:7 › Sticky Live Score Banner (Tier 1) › Banner is visible on match details page
PAGE LOG: [Fast Refresh] done in 472ms

[chromium] › e2e\banner.spec.ts:34:7 › Sticky Live Score Banner (Tier 1) › Sticky banner handles mobile layout
PAGE LOG: [Fast Refresh] done in 440ms

[chromium] › e2e\banner.spec.ts:28:7 › Sticky Live Score Banner (Tier 1) › User can close/minimize the banner
PAGE LOG: [Fast Refresh] done in 473ms

[8/180] [chromium] › e2e\banner.spec.ts:68:7 › Sticky Live Score Banner (Tier 2 - Boundaries & Error Cases) › Banner handles screen size smaller than 320px cleanly
[9/180] [chromium] › e2e\banner.spec.ts:75:7 › Sticky Live Score Banner (Tier 2 - Boundaries & Error Cases) › Banner does not overlap footer
[chromium] › e2e\banner.spec.ts:18:7 › Sticky Live Score Banner (Tier 1) › Banner is visible on matches page
PAGE LOG: [Fast Refresh] rebuilding

[chromium] › e2e\banner.spec.ts:28:7 › Sticky Live Score Banner (Tier 1) › User can close/minimize the banner
PAGE LOG: [Fast Refresh] rebuilding

[chromium] › e2e\banner.spec.ts:23:7 › Sticky Live Score Banner (Tier 1) › Banner is visible on match details page
PAGE LOG: [Fast Refresh] rebuilding

[10/180] [chromium] › e2e\banner.spec.ts:83:7 › Sticky Live Score Banner (Tier 2 - Boundaries & Error Cases) › Sticky widget handles live updates
[11/180] [chromium] › e2e\cross-feature.spec.ts:10:7 › Cross-Feature Combinations (Tier 3) › Clicking a live match in the sticky banner redirects to match details page
PAGE LOG: [Fast Refresh] done in 871ms

[12/180] [chromium] › e2e\cross-feature.spec.ts:18:7 › Cross-Feature Combinations (Tier 3) › Clicking a player in the match lineup redirects to player profile
[chromium] › e2e\banner.spec.ts:58:7 › Sticky Live Score Banner (Tier 2 - Boundaries & Error Cases) › API failure handles gracefully without breaking banner
PAGE LOG: %cDownload the React DevTools for a better development experience: https://react.dev/link/react-devtools font-weight:bold

PAGE LOG: [HMR] connected

PAGE LOG: %c%s%c Server mockFetch matches rangeHeader: background: #e6e6e6;background: light-dark(rgba(0,0,0,0.1), rgba(255,255,255,0.25));color: #000000;color: light-dark(#000000, #ffffff);border-radius: 2px  Server   null rangeStart: 0

PAGE LOG: %c%s%c Server mockFetch matches rangeHeader: background: #e6e6e6;background: light-dark(rgba(0,0,0,0.1), rgba(255,255,255,0.25));color: #000000;color: light-dark(#000000, #ffffff);border-radius: 2px  Server   null rangeStart: 0

[chromium] › e2e\banner.spec.ts:68:7 › Sticky Live Score Banner (Tier 2 - Boundaries & Error Cases) › Banner handles screen size smaller than 320px cleanly
PAGE LOG: %cDownload the React DevTools for a better development experience: https://react.dev/link/react-devtools font-weight:bold

[chromium] › e2e\banner.spec.ts:58:7 › Sticky Live Score Banner (Tier 2 - Boundaries & Error Cases) › API failure handles gracefully without breaking banner
PAGE LOG: [Fast Refresh] rebuilding

[chromium] › e2e\banner.spec.ts:75:7 › Sticky Live Score Banner (Tier 2 - Boundaries & Error Cases) › Banner does not overlap footer
PAGE LOG: %cDownload the React DevTools for a better development experience: https://react.dev/link/react-devtools font-weight:bold

[chromium] › e2e\banner.spec.ts:83:7 › Sticky Live Score Banner (Tier 2 - Boundaries & Error Cases) › Sticky widget handles live updates
PAGE LOG: %cDownload the React DevTools for a better development experience: https://react.dev/link/react-devtools font-weight:bold

[chromium] › e2e\banner.spec.ts:58:7 › Sticky Live Score Banner (Tier 2 - Boundaries & Error Cases) › API failure handles gracefully without breaking banner
PAGE LOG: [Fast Refresh] done in 918ms

[chromium] › e2e\banner.spec.ts:68:7 › Sticky Live Score Banner (Tier 2 - Boundaries & Error Cases) › Banner handles screen size smaller than 320px cleanly
PAGE LOG: [HMR] connected

[chromium] › e2e\banner.spec.ts:58:7 › Sticky Live Score Banner (Tier 2 - Boundaries & Error Cases) › API failure handles gracefully without breaking banner
PAGE LOG: [Fast Refresh] rebuilding

[chromium] › e2e\banner.spec.ts:68:7 › Sticky Live Score Banner (Tier 2 - Boundaries & Error Cases) › Banner handles screen size smaller than 320px cleanly
PAGE LOG: %c%s%c Server mockFetch matches rangeHeader: background: #e6e6e6;background: light-dark(rgba(0,0,0,0.1), rgba(255,255,255,0.25));color: #000000;color: light-dark(#000000, #ffffff);border-radius: 2px  Server   null rangeStart: 0

[chromium] › e2e\banner.spec.ts:58:7 › Sticky Live Score Banner (Tier 2 - Boundaries & Error Cases) › API failure handles gracefully without breaking banner
PAGE LOG: [Fast Refresh] done in 357ms

[chromium] › e2e\banner.spec.ts:75:7 › Sticky Live Score Banner (Tier 2 - Boundaries & Error Cases) › Banner does not overlap footer
PAGE LOG: [HMR] connected

[chromium] › e2e\banner.spec.ts:83:7 › Sticky Live Score Banner (Tier 2 - Boundaries & Error Cases) › Sticky widget handles live updates
PAGE LOG: [HMR] connected

PAGE LOG: %c%s%c Server mockFetch matches rangeHeader: background: #e6e6e6;background: light-dark(rgba(0,0,0,0.1), rgba(255,255,255,0.25));color: #000000;color: light-dark(#000000, #ffffff);border-radius: 2px  Server   null rangeStart: 0

[chromium] › e2e\banner.spec.ts:75:7 › Sticky Live Score Banner (Tier 2 - Boundaries & Error Cases) › Banner does not overlap footer
PAGE LOG: %c%s%c Server mockFetch matches rangeHeader: background: #e6e6e6;background: light-dark(rgba(0,0,0,0.1), rgba(255,255,255,0.25));color: #000000;color: light-dark(#000000, #ffffff);border-radius: 2px  Server   null rangeStart: 0

[13/180] [chromium] › e2e\cross-feature.spec.ts:26:7 › Cross-Feature Combinations (Tier 3) › Clicking a team logo in match details redirects to team profile
[14/180] [chromium] › e2e\cross-feature.spec.ts:34:7 › Cross-Feature Combinations (Tier 3) › Simulated admin updates in database update homepage list and ticker simultaneously
[15/180] [chromium] › e2e\cross-feature.spec.ts:65:7 › Cross-Feature Combinations (Tier 3) › Clicking World Cup in navigation redirects to World Cup Hub while banner stays active
[16/180] [chromium] › e2e\match-list.spec.ts:60:7 › Match List & Live Score Ticker (Tier 1) › Homepage displays list of matches
[17/180] [chromium] › e2e\match-list.spec.ts:69:7 › Match List & Live Score Ticker (Tier 1) › Matches page displays matches grouped by league
[18/180] [chromium] › e2e\match-list.spec.ts:76:7 › Match List & Live Score Ticker (Tier 1) › Match details page displays teams, score, and status info
[19/180] [chromium] › e2e\match-list.spec.ts:88:7 › Match List & Live Score Ticker (Tier 1) › Clicking on a match card redirects to details page
[20/180] [chromium] › e2e\match-list.spec.ts:96:7 › Match List & Live Score Ticker (Tier 1) › Live score ticker displays matches
[21/180] [chromium] › e2e\match-list.spec.ts:111:7 › Match List & Live Score Ticker (Tier 2 - Boundaries & Error Cases) › Empty state when no matches exist on selected date in matches page
[22/180] [chromium] › e2e\match-list.spec.ts:125:7 › Match List & Live Score Ticker (Tier 2 - Boundaries & Error Cases) › API failure handling keeps page stable
[23/180] [chromium] › e2e\match-list.spec.ts:139:7 › Match List & Live Score Ticker (Tier 2 - Boundaries & Error Cases) › Navigation to non-existent match details page triggers 404
  1) [chromium] › e2e\cross-feature.spec.ts:34:7 › Cross-Feature Combinations (Tier 3) › Simulated admin updates in database update homepage list and ticker simultaneously 

    Test timeout of 30000ms exceeded.

    Error: page.reload: Test timeout of 30000ms exceeded.
    Call log:
      - waiting for navigation until "load"
        - navigated to "http://localhost:3000/"


      58 |     currentScore = { home: 3, away: 1 };
      59 |     // Trigger some event to force update or wait for polling
    > 60 |     await page.reload();
         |                ^
      61 |     // Check new score updated
      62 |     await expect(page.locator('text=3').first()).toBeVisible();
      63 |   });
        at C:\Users\naderelsadany\Desktop\Yalla Shoot New\e2e\cross-feature.spec.ts:60:16

    Error Context: test-results\cross-feature-Cross-Featur-74e51-t-and-ticker-simultaneously-chromium\error-context.md


[24/180] [chromium] › e2e\match-list.spec.ts:153:7 › Match List & Live Score Ticker (Tier 2 - Boundaries & Error Cases) › Invalid date in query parameter falls back gracefully
  2) [chromium] › e2e\match-list.spec.ts:88:7 › Match List & Live Score Ticker (Tier 1) › Clicking on a match card redirects to details page 

    Test timeout of 30000ms exceeded.

    Error: page.waitForURL: Test timeout of 30000ms exceeded.
    =========================== logs ===========================
    waiting for navigation to "**/match/1" until "load"
    ============================================================

      90 |     // Click on Liverpool vs Arsenal card
      91 |     await page.click('text="ليفربول"');
    > 92 |     await page.waitForURL('**/match/1');
         |                ^
      93 |     await expect(page.locator('text="دوري أبطال أوروبا"').first()).toBeVisible();
      94 |   });
      95 |
        at C:\Users\naderelsadany\Desktop\Yalla Shoot New\e2e\match-list.spec.ts:92:16

    Error Context: test-results\match-list-Match-List-Live-dd6a3-d-redirects-to-details-page-chromium\error-context.md


[25/180] [chromium] › e2e\player.spec.ts:4:7 › Player pSEO Profile (Tier 1) › Navigate to player page displays details header
[26/180] [chromium] › e2e\match-list.spec.ts:168:7 › Match List & Live Score Ticker (Tier 2 - Boundaries & Error Cases) › Out of bounds page parameter shows empty state correctly
[27/180] [chromium] › e2e\player.spec.ts:10:7 › Player pSEO Profile (Tier 1) › Player statistics table is visible
  3) [chromium] › e2e\match-list.spec.ts:125:7 › Match List & Live Score Ticker (Tier 2 - Boundaries & Error Cases) › API failure handling keeps page stable 

    Test timeout of 30000ms exceeded.

    Error: page.goto: Test timeout of 30000ms exceeded.
    Call log:
      - navigating to "http://localhost:3000/", waiting until "load"


      132 |     });
      133 |
    > 134 |     await page.goto('/');
          |                ^
      135 |     // Page should still load header/footer and not crash
      136 |     await expect(page.locator('h1')).toContainText('تابع مباريات اليوم');
      137 |   });
        at C:\Users\naderelsadany\Desktop\Yalla Shoot New\e2e\match-list.spec.ts:134:16

    Error Context: test-results\match-list-Match-List-Live-6c92b--handling-keeps-page-stable-chromium\error-context.md


  4) [chromium] › e2e\match-list.spec.ts:139:7 › Match List & Live Score Ticker (Tier 2 - Boundaries & Error Cases) › Navigation to non-existent match details page triggers 404 

    Test timeout of 30000ms exceeded.

    Error: page.goto: Test timeout of 30000ms exceeded.
    Call log:
      - navigating to "http://localhost:3000/match/999999", waiting until "load"


      146 |     });
      147 |
    > 148 |     await page.goto('/match/999999');
          |                ^
      149 |     // Check that standard Next.js 404 page is displayed
      150 |     await expect(page.locator('text=404')).toBeVisible();
      151 |   });
        at C:\Users\naderelsadany\Desktop\Yalla Shoot New\e2e\match-list.spec.ts:148:16

    Error Context: test-results\match-list-Match-List-Live-adba0-h-details-page-triggers-404-chromium\error-context.md


[28/180] [chromium] › e2e\player.spec.ts:21:7 › Player pSEO Profile (Tier 1) › Structured Data (Schema.org) for Athlete exists
[29/180] [chromium] › e2e\player.spec.ts:15:7 › Player pSEO Profile (Tier 1) › Club and national team info are displayed
[30/180] [chromium] › e2e\player.spec.ts:27:7 › Player pSEO Profile (Tier 1) › Page has correct metadata tags
[31/180] [chromium] › e2e\player.spec.ts:35:7 › Player pSEO Profile (Tier 2 - Boundaries & Error Cases) › Accessing non-existent player ID returns 404
[32/180] [chromium] › e2e\player.spec.ts:40:7 › Player pSEO Profile (Tier 2 - Boundaries & Error Cases) › Player with no current season stats displays zeros gracefully
  5) [chromium] › e2e\player.spec.ts:10:7 › Player pSEO Profile (Tier 1) › Player statistics table is visible 

    Test timeout of 30000ms exceeded.

    Error: expect(locator).toBeVisible() failed

    Locator: locator('text=الإحصائيات')
    Expected: visible
    Error: element(s) not found

    Call log:
      - Expect "toBeVisible" with timeout 5000ms
      - waiting for locator('text=الإحصائيات')


      10 |   test('Player statistics table is visible', async ({ page }) => {
      11 |     await page.goto('/players/messi');
    > 12 |     await expect(page.locator('text=الإحصائيات')).toBeVisible();
         |                                                   ^
      13 |   });
      14 |
      15 |   test('Club and national team info are displayed', async ({ page }) => {
        at C:\Users\naderelsadany\Desktop\Yalla Shoot New\e2e\player.spec.ts:12:51

    Error Context: test-results\player-Player-pSEO-Profile-f1ef3-statistics-table-is-visible-chromium\error-context.md


[33/180] [chromium] › e2e\player.spec.ts:53:7 › Player pSEO Profile (Tier 2 - Boundaries & Error Cases) › Free agent player displays free agent status
[34/180] [chromium] › e2e\player.spec.ts:66:7 › Player pSEO Profile (Tier 2 - Boundaries & Error Cases) › Player with very long name or missing photos handles cleanly
[35/180] [chromium] › e2e\player.spec.ts:79:7 › Player pSEO Profile (Tier 2 - Boundaries & Error Cases) › Supabase API crash handled gracefully on player page
[36/180] [chromium] › e2e\real-world.spec.ts:10:7 › Real-World Workloads (Tier 4) › Realistic user browsing journey
[37/180] [chromium] › e2e\real-world.spec.ts:29:7 › Real-World Workloads (Tier 4) › World Cup tournament day user scenario
[38/180] [chromium] › e2e\real-world.spec.ts:47:7 › Real-World Workloads (Tier 4) › Fast pacing navigation stress test
[39/180] [chromium] › e2e\real-world.spec.ts:58:7 › Real-World Workloads (Tier 4) › Real-time live match event simulation
[40/180] [chromium] › e2e\real-world.spec.ts:92:7 › Real-World Workloads (Tier 4) › RTL responsiveness and mobile navigation test
[41/180] [chromium] › e2e\team.spec.ts:4:7 › Team pSEO Profile (Tier 1) › Navigate to team page displays team name and info
  6) [chromium] › e2e\real-world.spec.ts:10:7 › Real-World Workloads (Tier 4) › Realistic user browsing journey 

    Test timeout of 30000ms exceeded.

    Error: page.waitForURL: Test timeout of 30000ms exceeded.
    =========================== logs ===========================
    waiting for navigation to "**/match/1" until "load"
    ============================================================

      15 |     // 2. Click on a match details page
      16 |     await page.click('text="ليفربول"');
    > 17 |     await page.waitForURL('**/match/1');
         |                ^
      18 |     await expect(page.locator('text=دوري أبطال أوروبا').first()).toBeVisible();
      19 |
      20 |     // 3. Go to a team page (from match details)
        at C:\Users\naderelsadany\Desktop\Yalla Shoot New\e2e\real-world.spec.ts:17:16

    Error Context: test-results\real-world-Real-World-Work-41c1b-istic-user-browsing-journey-chromium\error-context.md


[42/180] [chromium] › e2e\team.spec.ts:10:7 › Team pSEO Profile (Tier 1) › Team squad list is visible
  7) [chromium] › e2e\real-world.spec.ts:29:7 › Real-World Workloads (Tier 4) › World Cup tournament day user scenario 

    Test timeout of 30000ms exceeded.

    Error: page.waitForURL: Test timeout of 30000ms exceeded.
    =========================== logs ===========================
    waiting for navigation to "**/match/*" until "load"
    ============================================================

      42 |     // 4. Select a match from World Cup matches list
      43 |     await page.click('[data-testid="wc-match-card"]');
    > 44 |     await page.waitForURL('**/match/*');
         |                ^
      45 |   });
      46 |
      47 |   test('Fast pacing navigation stress test', async ({ page }) => {
        at C:\Users\naderelsadany\Desktop\Yalla Shoot New\e2e\real-world.spec.ts:44:16

    Error Context: test-results\real-world-Real-World-Work-52aab-ournament-day-user-scenario-chromium\error-context.md


[43/180] [chromium] › e2e\team.spec.ts:15:7 › Team pSEO Profile (Tier 1) › Team standings position is visible
  8) [chromium] › e2e\real-world.spec.ts:58:7 › Real-World Workloads (Tier 4) › Real-time live match event simulation 

    Test timeout of 30000ms exceeded.

    Error: page.reload: Test timeout of 30000ms exceeded.
    Call log:
      - waiting for navigation until "load"
        - navigated to "http://localhost:3000/"


      81 |     // Update score to 1-0
      82 |     score = { home: 1, away: 0 };
    > 83 |     await page.reload(); // Trigger data fetch
         |                ^
      84 |     await expect(page.locator('text="1 - 0"')).toBeVisible();
      85 |
      86 |     // Update score to 1-1
        at C:\Users\naderelsadany\Desktop\Yalla Shoot New\e2e\real-world.spec.ts:83:16

    Error Context: test-results\real-world-Real-World-Work-66ee3-live-match-event-simulation-chromium\error-context.md


[44/180] [chromium] › e2e\team.spec.ts:25:7 › Team pSEO Profile (Tier 1) › Structured Data for SportsTeam exists
[45/180] [chromium] › e2e\team.spec.ts:20:7 › Team pSEO Profile (Tier 1) › Team logo is displayed
[46/180] [chromium] › e2e\team.spec.ts:33:7 › Team pSEO Profile (Tier 2 - Boundaries & Error Cases) › Accessing non-existent team ID returns 404
  9) [chromium] › e2e\team.spec.ts:33:7 › Team pSEO Profile (Tier 2 - Boundaries & Error Cases) › Accessing non-existent team ID returns 404 

    Error: page.goto: net::ERR_CONNECTION_RESET at http://localhost:3000/teams/999999
    Call log:
      - navigating to "http://localhost:3000/teams/999999", waiting until "load"


      32 | test.describe('Team pSEO Profile (Tier 2 - Boundaries & Error Cases)', () => {
      33 |   test('Accessing non-existent team ID returns 404', async ({ page }) => {
    > 34 |     await page.goto('/teams/999999');
         |                ^
      35 |     await expect(page.locator('text=404')).toBeVisible();
      36 |   });
      37 |
        at C:\Users\naderelsadany\Desktop\Yalla Shoot New\e2e\team.spec.ts:34:16

    Error Context: test-results\team-Team-pSEO-Profile-Tie-2f70b-xistent-team-ID-returns-404-chromium\error-context.md


[47/180] [chromium] › e2e\team.spec.ts:38:7 › Team pSEO Profile (Tier 2 - Boundaries & Error Cases) › Team with no players registered displays empty squad message
  10) [chromium] › e2e\team.spec.ts:10:7 › Team pSEO Profile (Tier 1) › Team squad list is visible ─

    Error: expect(locator).toBeVisible() failed

    Locator: locator('text=قائمة اللاعبين')
    Expected: visible
    Timeout: 5000ms
    Error: element(s) not found

    Call log:
      - Expect "toBeVisible" with timeout 5000ms
      - waiting for locator('text=قائمة اللاعبين')


      10 |   test('Team squad list is visible', async ({ page }) => {
      11 |     await page.goto('/teams/ahly');
    > 12 |     await expect(page.locator('text=قائمة اللاعبين')).toBeVisible();
         |                                                       ^
      13 |   });
      14 |
      15 |   test('Team standings position is visible', async ({ page }) => {
        at C:\Users\naderelsadany\Desktop\Yalla Shoot New\e2e\team.spec.ts:12:55

    Error Context: test-results\team-Team-pSEO-Profile-Tier-1-Team-squad-list-is-visible-chromium\error-context.md


[48/180] [chromium] › e2e\team.spec.ts:51:7 › Team pSEO Profile (Tier 2 - Boundaries & Error Cases) › Team not participating in any active league handles gracefully
  11) [chromium] › e2e\team.spec.ts:15:7 › Team pSEO Profile (Tier 1) › Team standings position is visible 

    Error: expect(locator).toBeVisible() failed

    Locator: locator('text=الترتيب')
    Expected: visible
    Timeout: 5000ms
    Error: element(s) not found

    Call log:
      - Expect "toBeVisible" with timeout 5000ms
      - waiting for locator('text=الترتيب')


      15 |   test('Team standings position is visible', async ({ page }) => {
      16 |     await page.goto('/teams/ahly');
    > 17 |     await expect(page.locator('text=الترتيب')).toBeVisible();
         |                                                ^
      18 |   });
      19 |
      20 |   test('Team logo is displayed', async ({ page }) => {
        at C:\Users\naderelsadany\Desktop\Yalla Shoot New\e2e\team.spec.ts:17:48

    Error Context: test-results\team-Team-pSEO-Profile-Tie-e17e6-andings-position-is-visible-chromium\error-context.md


  12) [chromium] › e2e\team.spec.ts:38:7 › Team pSEO Profile (Tier 2 - Boundaries & Error Cases) › Team with no players registered displays empty squad message 

    Error: page.goto: net::ERR_CONNECTION_REFUSED at http://localhost:3000/teams/no-players
    Call log:
      - navigating to "http://localhost:3000/teams/no-players", waiting until "load"


      45 |     });
      46 |
    > 47 |     await page.goto('/teams/no-players');
         |                ^
      48 |     await expect(page.locator('text=لا يوجد لاعبين مسجلين حالياً')).toBeVisible();
      49 |   });
      50 |
        at C:\Users\naderelsadany\Desktop\Yalla Shoot New\e2e\team.spec.ts:47:16

    Error Context: test-results\team-Team-pSEO-Profile-Tie-c82ae-isplays-empty-squad-message-chromium\error-context.md


[49/180] [chromium] › e2e\team.spec.ts:64:7 › Team pSEO Profile (Tier 2 - Boundaries & Error Cases) › Team without logo displays fallback team name or default logo
[50/180] [chromium] › e2e\team.spec.ts:77:7 › Team pSEO Profile (Tier 2 - Boundaries & Error Cases) › Supabase API crash handled gracefully on team page
  13) [chromium] › e2e\team.spec.ts:51:7 › Team pSEO Profile (Tier 2 - Boundaries & Error Cases) › Team not participating in any active league handles gracefully 

    Error: page.goto: net::ERR_CONNECTION_REFUSED at http://localhost:3000/teams/no-league
    Call log:
      - navigating to "http://localhost:3000/teams/no-league", waiting until "load"


      58 |     });
      59 |
    > 60 |     await page.goto('/teams/no-league');
         |                ^
      61 |     await expect(page.locator('text=لا يشارك في بطولة رسمية')).toBeVisible();
      62 |   });
      63 |
        at C:\Users\naderelsadany\Desktop\Yalla Shoot New\e2e\team.spec.ts:60:16

    Error Context: test-results\team-Team-pSEO-Profile-Tie-9d942-e-league-handles-gracefully-chromium\error-context.md


[51/180] [chromium] › e2e\world-cup.spec.ts:4:7 › World Cup Hub (Tier 1) › Navigate to /world-cup displays World Cup Hub header
  14) [chromium] › e2e\team.spec.ts:64:7 › Team pSEO Profile (Tier 2 - Boundaries & Error Cases) › Team without logo displays fallback team name or default logo 

    Error: page.goto: net::ERR_CONNECTION_REFUSED at http://localhost:3000/teams/no-logo
    Call log:
      - navigating to "http://localhost:3000/teams/no-logo", waiting until "load"


      71 |     });
      72 |
    > 73 |     await page.goto('/teams/no-logo');
         |                ^
      74 |     await expect(page.locator('h1')).toBeVisible();
      75 |   });
      76 |
        at C:\Users\naderelsadany\Desktop\Yalla Shoot New\e2e\team.spec.ts:73:16

    Error Context: test-results\team-Team-pSEO-Profile-Tie-6400b-k-team-name-or-default-logo-chromium\error-context.md


  15) [chromium] › e2e\team.spec.ts:25:7 › Team pSEO Profile (Tier 1) › Structured Data for SportsTeam exists 

    Test timeout of 30000ms exceeded.

    Error: page.goto: Test timeout of 30000ms exceeded.
    Call log:
      - navigating to "http://localhost:3000/teams/ahly", waiting until "load"


      24 |
      25 |   test('Structured Data for SportsTeam exists', async ({ page }) => {
    > 26 |     await page.goto('/teams/ahly');
         |                ^
      27 |     const schemaScript = page.locator('script[type="application/ld+json"]');
      28 |     await expect(schemaScript).toBeDefined();
      29 |   });
        at C:\Users\naderelsadany\Desktop\Yalla Shoot New\e2e\team.spec.ts:26:16

    Error Context: test-results\team-Team-pSEO-Profile-Tie-7cc1d--Data-for-SportsTeam-exists-chromium\error-context.md


  16) [chromium] › e2e\team.spec.ts:77:7 › Team pSEO Profile (Tier 2 - Boundaries & Error Cases) › Supabase API crash handled gracefully on team page 

    Error: page.goto: net::ERR_CONNECTION_REFUSED at http://localhost:3000/teams/ahly
    Call log:
      - navigating to "http://localhost:3000/teams/ahly", waiting until "load"


      80 |     });
      81 |
    > 82 |     await page.goto('/teams/ahly');
         |                ^
      83 |     await expect(page.locator('text=404')).toBeVisible();
      84 |   });
      85 | });
        at C:\Users\naderelsadany\Desktop\Yalla Shoot New\e2e\team.spec.ts:82:16

    Error Context: test-results\team-Team-pSEO-Profile-Tie-f8727-led-gracefully-on-team-page-chromium\error-context.md


[52/180] [chromium] › e2e\world-cup.spec.ts:11:7 › World Cup Hub (Tier 1) › World Cup standings section is visible
[53/180] [chromium] › e2e\world-cup.spec.ts:17:7 › World Cup Hub (Tier 1) › World Cup top scorers section is visible
[54/180] [chromium] › e2e\world-cup.spec.ts:23:7 › World Cup Hub (Tier 1) › World Cup matches list is visible
  17) [chromium] › e2e\team.spec.ts:20:7 › Team pSEO Profile (Tier 1) › Team logo is displayed ─────

    Test timeout of 30000ms exceeded.

    Error: page.goto: Test timeout of 30000ms exceeded.
    Call log:
      - navigating to "http://localhost:3000/teams/ahly", waiting until "load"


      19 |
      20 |   test('Team logo is displayed', async ({ page }) => {
    > 21 |     await page.goto('/teams/ahly');
         |                ^
      22 |     await expect(page.locator('img[alt*="شعار"]')).toBeVisible();
      23 |   });
      24 |
        at C:\Users\naderelsadany\Desktop\Yalla Shoot New\e2e\team.spec.ts:21:16

    Error Context: test-results\team-Team-pSEO-Profile-Tier-1-Team-logo-is-displayed-chromium\error-context.md


  18) [chromium] › e2e\world-cup.spec.ts:4:7 › World Cup Hub (Tier 1) › Navigate to /world-cup displays World Cup Hub header 

    Error: page.goto: net::ERR_CONNECTION_REFUSED at http://localhost:3000/world-cup
    Call log:
      - navigating to "http://localhost:3000/world-cup", waiting until "load"


      3 | test.describe('World Cup Hub (Tier 1)', () => {
      4 |   test('Navigate to /world-cup displays World Cup Hub header', async ({ page }) => {
    > 5 |     await page.goto('/world-cup');
        |                ^
      6 |     // Expecting to fail on unimplemented page with 404 or missing title
      7 |     const header = page.locator('h1');
      8 |     await expect(header).toContainText('كأس العالم');
        at C:\Users\naderelsadany\Desktop\Yalla Shoot New\e2e\world-cup.spec.ts:5:16

    Error Context: test-results\world-cup-World-Cup-Hub-Ti-4c798-splays-World-Cup-Hub-header-chromium\error-context.md


  19) [chromium] › e2e\world-cup.spec.ts:11:7 › World Cup Hub (Tier 1) › World Cup standings section is visible 

    Error: page.goto: net::ERR_CONNECTION_REFUSED at http://localhost:3000/world-cup
    Call log:
      - navigating to "http://localhost:3000/world-cup", waiting until "load"


      10 |
      11 |   test('World Cup standings section is visible', async ({ page }) => {
    > 12 |     await page.goto('/world-cup');
         |                ^
      13 |     const standings = page.locator('text=جدول الترتيب');
      14 |     await expect(standings).toBeVisible();
      15 |   });
        at C:\Users\naderelsadany\Desktop\Yalla Shoot New\e2e\world-cup.spec.ts:12:16

    Error Context: test-results\world-cup-World-Cup-Hub-Ti-3a841-tandings-section-is-visible-chromium\error-context.md


[55/180] [chromium] › e2e\world-cup.spec.ts:29:7 › World Cup Hub (Tier 1) › Breadcrumbs exist and are correct
[56/180] [chromium] › e2e\world-cup.spec.ts:38:7 › World Cup Hub (Tier 2 - Boundaries & Error Cases) › Empty state handled for standings
[57/180] [chromium] › e2e\world-cup.spec.ts:53:7 › World Cup Hub (Tier 2 - Boundaries & Error Cases) › API failure handling during fetch does not crash page
  20) [chromium] › e2e\world-cup.spec.ts:23:7 › World Cup Hub (Tier 1) › World Cup matches list is visible 

    Error: page.goto: net::ERR_CONNECTION_REFUSED at http://localhost:3000/world-cup
    Call log:
      - navigating to "http://localhost:3000/world-cup", waiting until "load"


      22 |
      23 |   test('World Cup matches list is visible', async ({ page }) => {
    > 24 |     await page.goto('/world-cup');
         |                ^
      25 |     const matches = page.locator('text=المباريات').first();
      26 |     await expect(matches).toBeVisible();
      27 |   });
        at C:\Users\naderelsadany\Desktop\Yalla Shoot New\e2e\world-cup.spec.ts:24:16

    Error Context: test-results\world-cup-World-Cup-Hub-Ti-aa82a-Cup-matches-list-is-visible-chromium\error-context.md


  21) [chromium] › e2e\real-world.spec.ts:47:7 › Real-World Workloads (Tier 4) › Fast pacing navigation stress test 

    Test timeout of 90000ms exceeded.

    Error: page.goto: Test timeout of 90000ms exceeded.
    Call log:
      - navigating to "http://localhost:3000/match/1", waiting until "load"


      50 |     await page.goto('/');
      51 |     await page.goto('/matches');
    > 52 |     await page.goto('/match/1');
         |                ^
      53 |     await page.goto('/world-cup');
      54 |     await page.goto('/');
      55 |     await expect(page.locator('h1')).toContainText('تابع مباريات اليوم');
        at C:\Users\naderelsadany\Desktop\Yalla Shoot New\e2e\real-world.spec.ts:52:16

    Error Context: test-results\real-world-Real-World-Work-5588a-cing-navigation-stress-test-chromium\error-context.md


[58/180] [chromium] › e2e\world-cup.spec.ts:63:7 › World Cup Hub (Tier 2 - Boundaries & Error Cases) › Accessing invalid league ID shows 404
[59/180] [chromium] › e2e\world-cup.spec.ts:68:7 › World Cup Hub (Tier 2 - Boundaries & Error Cases) › Standings display correctly with missing team logo
  22) [chromium] › e2e\world-cup.spec.ts:17:7 › World Cup Hub (Tier 1) › World Cup top scorers section is visible 

    Error: page.goto: net::ERR_CONNECTION_REFUSED at http://localhost:3000/world-cup
    Call log:
      - navigating to "http://localhost:3000/world-cup", waiting until "load"


      16 |
      17 |   test('World Cup top scorers section is visible', async ({ page }) => {
    > 18 |     await page.goto('/world-cup');
         |                ^
      19 |     const scorers = page.locator('text=الهدافين').first();
      20 |     await expect(scorers).toBeVisible();
      21 |   });
        at C:\Users\naderelsadany\Desktop\Yalla Shoot New\e2e\world-cup.spec.ts:18:16

    Error Context: test-results\world-cup-World-Cup-Hub-Ti-c9c8e--scorers-section-is-visible-chromium\error-context.md


  23) [chromium] › e2e\world-cup.spec.ts:38:7 › World Cup Hub (Tier 2 - Boundaries & Error Cases) › Empty state handled for standings 

    Error: page.goto: net::ERR_CONNECTION_REFUSED at http://localhost:3000/world-cup
    Call log:
      - navigating to "http://localhost:3000/world-cup", waiting until "load"


      46 |     });
      47 |
    > 48 |     await page.goto('/world-cup');
         |                ^
      49 |     const emptyState = page.locator('text=لا يوجد ترتيب متاح حالياً');
      50 |     await expect(emptyState).toBeVisible();
      51 |   });
        at C:\Users\naderelsadany\Desktop\Yalla Shoot New\e2e\world-cup.spec.ts:48:16

    Error Context: test-results\world-cup-World-Cup-Hub-Ti-028a9-state-handled-for-standings-chromium\error-context.md


[60/180] [chromium] › e2e\world-cup.spec.ts:83:7 › World Cup Hub (Tier 2 - Boundaries & Error Cases) › Out of bounds parameters on matches filter handles gracefully
[61/180] [firefox] › e2e\banner.spec.ts:12:7 › Sticky Live Score Banner (Tier 1) › Banner is visible on homepage
  24) [chromium] › e2e\world-cup.spec.ts:29:7 › World Cup Hub (Tier 1) › Breadcrumbs exist and are correct 

    Error: page.goto: net::ERR_CONNECTION_REFUSED at http://localhost:3000/world-cup
    Call log:
      - navigating to "http://localhost:3000/world-cup", waiting until "load"


      28 |
      29 |   test('Breadcrumbs exist and are correct', async ({ page }) => {
    > 30 |     await page.goto('/world-cup');
         |                ^
      31 |     const breadcrumb = page.locator('nav[aria-label="breadcrumb"]');
      32 |     await expect(breadcrumb).toBeVisible();
      33 |     await expect(breadcrumb).toContainText('الرئيسية');
        at C:\Users\naderelsadany\Desktop\Yalla Shoot New\e2e\world-cup.spec.ts:30:16

    Error Context: test-results\world-cup-World-Cup-Hub-Ti-71598-rumbs-exist-and-are-correct-chromium\error-context.md


  25) [chromium] › e2e\world-cup.spec.ts:68:7 › World Cup Hub (Tier 2 - Boundaries & Error Cases) › Standings display correctly with missing team logo 

    Error: page.goto: net::ERR_CONNECTION_REFUSED at http://localhost:3000/world-cup
    Call log:
      - navigating to "http://localhost:3000/world-cup", waiting until "load"


      77 |     });
      78 |
    > 79 |     await page.goto('/world-cup');
         |                ^
      80 |     await expect(page.locator('text=Argentina')).toBeVisible();
      81 |   });
      82 |
        at C:\Users\naderelsadany\Desktop\Yalla Shoot New\e2e\world-cup.spec.ts:79:16

    Error Context: test-results\world-cup-World-Cup-Hub-Ti-fb73f-ctly-with-missing-team-logo-chromium\error-context.md


  26) [chromium] › e2e\world-cup.spec.ts:53:7 › World Cup Hub (Tier 2 - Boundaries & Error Cases) › API failure handling during fetch does not crash page 

    Error: page.goto: net::ERR_CONNECTION_REFUSED at http://localhost:3000/world-cup
    Call log:
      - navigating to "http://localhost:3000/world-cup", waiting until "load"


      56 |     });
      57 |
    > 58 |     await page.goto('/world-cup');
         |                ^
      59 |     const header = page.locator('h1');
      60 |     await expect(header).toContainText('كأس العالم');
      61 |   });
        at C:\Users\naderelsadany\Desktop\Yalla Shoot New\e2e\world-cup.spec.ts:58:16

    Error Context: test-results\world-cup-World-Cup-Hub-Ti-5de2d-g-fetch-does-not-crash-page-chromium\error-context.md


[62/180] [firefox] › e2e\banner.spec.ts:18:7 › Sticky Live Score Banner (Tier 1) › Banner is visible on matches page
[63/180] [firefox] › e2e\banner.spec.ts:23:7 › Sticky Live Score Banner (Tier 1) › Banner is visible on match details page
  27) [chromium] › e2e\world-cup.spec.ts:63:7 › World Cup Hub (Tier 2 - Boundaries & Error Cases) › Accessing invalid league ID shows 404 

    Error: page.goto: net::ERR_CONNECTION_REFUSED at http://localhost:3000/leagues/invalid-league-id
    Call log:
      - navigating to "http://localhost:3000/leagues/invalid-league-id", waiting until "load"


      62 |
      63 |   test('Accessing invalid league ID shows 404', async ({ page }) => {
    > 64 |     await page.goto('/leagues/invalid-league-id');
         |                ^
      65 |     await expect(page.locator('text=404')).toBeVisible();
      66 |   });
      67 |
        at C:\Users\naderelsadany\Desktop\Yalla Shoot New\e2e\world-cup.spec.ts:64:16

    Error Context: test-results\world-cup-World-Cup-Hub-Ti-35815-invalid-league-ID-shows-404-chromium\error-context.md


[64/180] [firefox] › e2e\banner.spec.ts:28:7 › Sticky Live Score Banner (Tier 1) › User can close/minimize the banner
  28) [chromium] › e2e\world-cup.spec.ts:83:7 › World Cup Hub (Tier 2 - Boundaries & Error Cases) › Out of bounds parameters on matches filter handles gracefully 

    Error: page.goto: net::ERR_CONNECTION_REFUSED at http://localhost:3000/world-cup?group=Z
    Call log:
      - navigating to "http://localhost:3000/world-cup?group=Z", waiting until "load"


      82 |
      83 |   test('Out of bounds parameters on matches filter handles gracefully', async ({ page }) => {
    > 84 |     await page.goto('/world-cup?group=Z'); // Z is invalid group
         |                ^
      85 |     const header = page.locator('h1');
      86 |     await expect(header).toContainText('كأس العالم');
      87 |   });
        at C:\Users\naderelsadany\Desktop\Yalla Shoot New\e2e\world-cup.spec.ts:84:16

    Error Context: test-results\world-cup-World-Cup-Hub-Ti-9ab79-s-filter-handles-gracefully-chromium\error-context.md


[65/180] [firefox] › e2e\banner.spec.ts:34:7 › Sticky Live Score Banner (Tier 1) › Sticky banner handles mobile layout
[66/180] [firefox] › e2e\banner.spec.ts:43:7 › Sticky Live Score Banner (Tier 2 - Boundaries & Error Cases) › Banner behaviour when no live matches are active
  29) [firefox] › e2e\banner.spec.ts:12:7 › Sticky Live Score Banner (Tier 1) › Banner is visible on homepage 

    Error: page.goto: NS_ERROR_CONNECTION_REFUSED
    Call log:
      - navigating to "http://localhost:3000/", waiting until "load"


      11 | test.describe('Sticky Live Score Banner (Tier 1)', () => {
      12 |   test('Banner is visible on homepage', async ({ page }) => {
    > 13 |     await page.goto('/');
         |                ^
      14 |     // Expect to fail since unimplemented
      15 |     await expect(page.locator('[data-testid="live-banner"]')).toBeVisible();
      16 |   });
        at C:\Users\naderelsadany\Desktop\Yalla Shoot New\e2e\banner.spec.ts:13:16

    Error Context: test-results\banner-Sticky-Live-Score-B-afaef-nner-is-visible-on-homepage-firefox\error-context.md


[67/180] [firefox] › e2e\banner.spec.ts:58:7 › Sticky Live Score Banner (Tier 2 - Boundaries & Error Cases) › API failure handles gracefully without breaking banner
[firefox] › e2e\banner.spec.ts:58:7 › Sticky Live Score Banner (Tier 2 - Boundaries & Error Cases) › API failure handles gracefully without breaking banner
PAGE LOG: [JavaScript Warning: "Layout was forced before the page was fully loaded. If stylesheets are not yet loaded this may cause a flash of unstyled content." {file: "chrome://global/content/net-error-card.mjs" line: 316}]

  30) [firefox] › e2e\banner.spec.ts:18:7 › Sticky Live Score Banner (Tier 1) › Banner is visible on matches page 

    Error: page.goto: NS_ERROR_CONNECTION_REFUSED
    Call log:
      - navigating to "http://localhost:3000/matches", waiting until "load"


      17 |
      18 |   test('Banner is visible on matches page', async ({ page }) => {
    > 19 |     await page.goto('/matches');
         |                ^
      20 |     await expect(page.locator('[data-testid="live-banner"]')).toBeVisible();
      21 |   });
      22 |
        at C:\Users\naderelsadany\Desktop\Yalla Shoot New\e2e\banner.spec.ts:19:16

    Error Context: test-results\banner-Sticky-Live-Score-B-4a388--is-visible-on-matches-page-firefox\error-context.md


  31) [firefox] › e2e\banner.spec.ts:23:7 › Sticky Live Score Banner (Tier 1) › Banner is visible on match details page 

    Error: page.goto: NS_ERROR_CONNECTION_REFUSED
    Call log:
      - navigating to "http://localhost:3000/match/1", waiting until "load"


      22 |
      23 |   test('Banner is visible on match details page', async ({ page }) => {
    > 24 |     await page.goto('/match/1');
         |                ^
      25 |     await expect(page.locator('[data-testid="live-banner"]')).toBeVisible();
      26 |   });
      27 |
        at C:\Users\naderelsadany\Desktop\Yalla Shoot New\e2e\banner.spec.ts:24:16

    Error Context: test-results\banner-Sticky-Live-Score-B-70483-sible-on-match-details-page-firefox\error-context.md


  32) [firefox] › e2e\banner.spec.ts:43:7 › Sticky Live Score Banner (Tier 2 - Boundaries & Error Cases) › Banner behaviour when no live matches are active 

    Error: page.goto: NS_ERROR_CONNECTION_REFUSED
    Call log:
      - navigating to "http://localhost:3000/", waiting until "load"


      51 |     });
      52 |
    > 53 |     await page.goto('/');
         |                ^
      54 |     // Banner should be hidden if no matches are IN_PLAY
      55 |     await expect(page.locator('[data-testid="live-banner"]')).toBeHidden();
      56 |   });
        at C:\Users\naderelsadany\Desktop\Yalla Shoot New\e2e\banner.spec.ts:53:16

    Error Context: test-results\banner-Sticky-Live-Score-B-6e500--no-live-matches-are-active-firefox\error-context.md


  33) [firefox] › e2e\banner.spec.ts:28:7 › Sticky Live Score Banner (Tier 1) › User can close/minimize the banner 

    Error: page.goto: NS_ERROR_CONNECTION_REFUSED
    Call log:
      - navigating to "http://localhost:3000/", waiting until "load"


      27 |
      28 |   test('User can close/minimize the banner', async ({ page }) => {
    > 29 |     await page.goto('/');
         |                ^
      30 |     await page.click('[data-testid="close-banner"]');
      31 |     await expect(page.locator('[data-testid="live-banner"]')).toBeHidden();
      32 |   });
        at C:\Users\naderelsadany\Desktop\Yalla Shoot New\e2e\banner.spec.ts:29:16

    Error Context: test-results\banner-Sticky-Live-Score-B-07c4f-n-close-minimize-the-banner-firefox\error-context.md


[68/180] [firefox] › e2e\banner.spec.ts:68:7 › Sticky Live Score Banner (Tier 2 - Boundaries & Error Cases) › Banner handles screen size smaller than 320px cleanly
[69/180] [firefox] › e2e\banner.spec.ts:83:7 › Sticky Live Score Banner (Tier 2 - Boundaries & Error Cases) › Sticky widget handles live updates
[70/180] [firefox] › e2e\banner.spec.ts:75:7 › Sticky Live Score Banner (Tier 2 - Boundaries & Error Cases) › Banner does not overlap footer
[71/180] [firefox] › e2e\cross-feature.spec.ts:10:7 › Cross-Feature Combinations (Tier 3) › Clicking a live match in the sticky banner redirects to match details page
  34) [firefox] › e2e\banner.spec.ts:34:7 › Sticky Live Score Banner (Tier 1) › Sticky banner handles mobile layout 

    Error: page.goto: NS_ERROR_CONNECTION_REFUSED
    Call log:
      - navigating to "http://localhost:3000/", waiting until "load"


      35 |     // Set viewport to mobile size
      36 |     await page.setViewportSize({ width: 375, height: 667 });
    > 37 |     await page.goto('/');
         |                ^
      38 |     await expect(page.locator('[data-testid="live-banner"]')).toBeVisible();
      39 |   });
      40 | });
        at C:\Users\naderelsadany\Desktop\Yalla Shoot New\e2e\banner.spec.ts:37:16

    Error Context: test-results\banner-Sticky-Live-Score-B-388a9-anner-handles-mobile-layout-firefox\error-context.md


  35) [firefox] › e2e\banner.spec.ts:58:7 › Sticky Live Score Banner (Tier 2 - Boundaries & Error Cases) › API failure handles gracefully without breaking banner 

    Error: page.goto: NS_ERROR_CONNECTION_REFUSED
    Call log:
      - navigating to "http://localhost:3000/", waiting until "load"


      61 |     });
      62 |
    > 63 |     await page.goto('/');
         |                ^
      64 |     // Banner should handle the error safely (e.g. stay hidden or display "Offline")
      65 |     await expect(page.locator('[data-testid="live-banner"]')).toBeHidden();
      66 |   });
        at C:\Users\naderelsadany\Desktop\Yalla Shoot New\e2e\banner.spec.ts:63:16

    Error Context: test-results\banner-Sticky-Live-Score-B-aa1e4-lly-without-breaking-banner-firefox\error-context.md


[72/180] [firefox] › e2e\cross-feature.spec.ts:18:7 › Cross-Feature Combinations (Tier 3) › Clicking a player in the match lineup redirects to player profile
[73/180] [firefox] › e2e\cross-feature.spec.ts:26:7 › Cross-Feature Combinations (Tier 3) › Clicking a team logo in match details redirects to team profile
  36) [firefox] › e2e\banner.spec.ts:75:7 › Sticky Live Score Banner (Tier 2 - Boundaries & Error Cases) › Banner does not overlap footer 

    Error: page.goto: NS_ERROR_CONNECTION_REFUSED
    Call log:
      - navigating to "http://localhost:3000/", waiting until "load"


      74 |
      75 |   test('Banner does not overlap footer', async ({ page }) => {
    > 76 |     await page.goto('/');
         |                ^
      77 |     const footer = page.locator('footer');
      78 |     const banner = page.locator('[data-testid="live-banner"]');
      79 |     // Ensure footer is defined
        at C:\Users\naderelsadany\Desktop\Yalla Shoot New\e2e\banner.spec.ts:76:16

    Error Context: test-results\banner-Sticky-Live-Score-B-750ae-ner-does-not-overlap-footer-firefox\error-context.md


  37) [firefox] › e2e\banner.spec.ts:68:7 › Sticky Live Score Banner (Tier 2 - Boundaries & Error Cases) › Banner handles screen size smaller than 320px cleanly 

    Error: page.goto: NS_ERROR_CONNECTION_REFUSED
    Call log:
      - navigating to "http://localhost:3000/", waiting until "load"


      68 |   test('Banner handles screen size smaller than 320px cleanly', async ({ page }) => {
      69 |     await page.setViewportSize({ width: 280, height: 500 });
    > 70 |     await page.goto('/');
         |                ^
      71 |     // Should still work or be sized properly
      72 |     await expect(page.locator('[data-testid="live-banner"]')).toBeDefined();
      73 |   });
        at C:\Users\naderelsadany\Desktop\Yalla Shoot New\e2e\banner.spec.ts:70:16

    Error Context: test-results\banner-Sticky-Live-Score-B-487d8--smaller-than-320px-cleanly-firefox\error-context.md


  38) [firefox] › e2e\banner.spec.ts:83:7 › Sticky Live Score Banner (Tier 2 - Boundaries & Error Cases) › Sticky widget handles live updates 

    Error: page.goto: NS_ERROR_CONNECTION_REFUSED
    Call log:
      - navigating to "http://localhost:3000/", waiting until "load"


      82 |
      83 |   test('Sticky widget handles live updates', async ({ page }) => {
    > 84 |     await page.goto('/');
         |                ^
      85 |     // Banner updates status
      86 |     await expect(page.locator('[data-testid="live-banner"]')).toBeDefined();
      87 |   });
        at C:\Users\naderelsadany\Desktop\Yalla Shoot New\e2e\banner.spec.ts:84:16

    Error Context: test-results\banner-Sticky-Live-Score-B-97aa7-widget-handles-live-updates-firefox\error-context.md


  39) [firefox] › e2e\cross-feature.spec.ts:10:7 › Cross-Feature Combinations (Tier 3) › Clicking a live match in the sticky banner redirects to match details page 

    Error: page.goto: NS_ERROR_CONNECTION_REFUSED
    Call log:
      - navigating to "http://localhost:3000/", waiting until "load"


       9 |
      10 |   test('Clicking a live match in the sticky banner redirects to match details page', async ({ page }) => {
    > 11 |     await page.goto('/');
         |                ^
      12 |     // Expect to fail since banner is not implemented
      13 |     await page.click('[data-testid="live-banner"] a');
      14 |     await page.waitForURL('**/match/*');
        at C:\Users\naderelsadany\Desktop\Yalla Shoot New\e2e\cross-feature.spec.ts:11:16

    Error Context: test-results\cross-feature-Cross-Featur-36c64-rects-to-match-details-page-firefox\error-context.md


  40) [firefox] › e2e\cross-feature.spec.ts:18:7 › Cross-Feature Combinations (Tier 3) › Clicking a player in the match lineup redirects to player profile 

    Error: page.goto: NS_ERROR_CONNECTION_REFUSED
    Call log:
      - navigating to "http://localhost:3000/match/1", waiting until "load"


      17 |
      18 |   test('Clicking a player in the match lineup redirects to player profile', async ({ page }) => {
    > 19 |     await page.goto('/match/1');
         |                ^
      20 |     // Click on player name in squad/lineup list
      21 |     await page.click('[data-testid="player-link"]');
      22 |     await page.waitForURL('**/players/*');
        at C:\Users\naderelsadany\Desktop\Yalla Shoot New\e2e\cross-feature.spec.ts:19:16

    Error Context: test-results\cross-feature-Cross-Featur-15f57-redirects-to-player-profile-firefox\error-context.md


[74/180] [firefox] › e2e\cross-feature.spec.ts:34:7 › Cross-Feature Combinations (Tier 3) › Simulated admin updates in database update homepage list and ticker simultaneously
[75/180] [firefox] › e2e\cross-feature.spec.ts:65:7 › Cross-Feature Combinations (Tier 3) › Clicking World Cup in navigation redirects to World Cup Hub while banner stays active
[76/180] [firefox] › e2e\match-list.spec.ts:60:7 › Match List & Live Score Ticker (Tier 1) › Homepage displays list of matches
[77/180] [firefox] › e2e\match-list.spec.ts:69:7 › Match List & Live Score Ticker (Tier 1) › Matches page displays matches grouped by league
[78/180] [firefox] › e2e\match-list.spec.ts:76:7 › Match List & Live Score Ticker (Tier 1) › Match details page displays teams, score, and status info
  41) [firefox] › e2e\cross-feature.spec.ts:26:7 › Cross-Feature Combinations (Tier 3) › Clicking a team logo in match details redirects to team profile 

    Error: page.goto: NS_ERROR_CONNECTION_REFUSED
    Call log:
      - navigating to "http://localhost:3000/match/1", waiting until "load"


      25 |
      26 |   test('Clicking a team logo in match details redirects to team profile', async ({ page }) => {
    > 27 |     await page.goto('/match/1');
         |                ^
      28 |     // Click on team name/logo
      29 |     await page.click('[data-testid="team-link-home"]');
      30 |     await page.waitForURL('**/teams/*');
        at C:\Users\naderelsadany\Desktop\Yalla Shoot New\e2e\cross-feature.spec.ts:27:16

    Error Context: test-results\cross-feature-Cross-Featur-b89c7-s-redirects-to-team-profile-firefox\error-context.md


[79/180] [firefox] › e2e\match-list.spec.ts:88:7 › Match List & Live Score Ticker (Tier 1) › Clicking on a match card redirects to details page
  42) [firefox] › e2e\cross-feature.spec.ts:65:7 › Cross-Feature Combinations (Tier 3) › Clicking World Cup in navigation redirects to World Cup Hub while banner stays active 

    Error: page.goto: NS_ERROR_CONNECTION_REFUSED
    Call log:
      - navigating to "http://localhost:3000/", waiting until "load"


      64 |
      65 |   test('Clicking World Cup in navigation redirects to World Cup Hub while banner stays active', async ({ page }) => {
    > 66 |     await page.goto('/');
         |                ^
      67 |     // Click World Cup link
      68 |     await page.click('text=كأس العالم');
      69 |     await page.waitForURL('**/world-cup');
        at C:\Users\naderelsadany\Desktop\Yalla Shoot New\e2e\cross-feature.spec.ts:66:16

    Error Context: test-results\cross-feature-Cross-Featur-9dcef-b-while-banner-stays-active-firefox\error-context.md


  43) [firefox] › e2e\cross-feature.spec.ts:34:7 › Cross-Feature Combinations (Tier 3) › Simulated admin updates in database update homepage list and ticker simultaneously 

    Error: page.goto: NS_ERROR_CONNECTION_REFUSED
    Call log:
      - navigating to "http://localhost:3000/", waiting until "load"


      51 |     });
      52 |
    > 53 |     await page.goto('/');
         |                ^
      54 |     // Check initial score
      55 |     await expect(page.locator('text=2').first()).toBeVisible();
      56 |     
        at C:\Users\naderelsadany\Desktop\Yalla Shoot New\e2e\cross-feature.spec.ts:53:16

    Error Context: test-results\cross-feature-Cross-Featur-74e51-t-and-ticker-simultaneously-firefox\error-context.md


  44) [firefox] › e2e\match-list.spec.ts:69:7 › Match List & Live Score Ticker (Tier 1) › Matches page displays matches grouped by league 

    Error: page.goto: NS_ERROR_CONNECTION_REFUSED
    Call log:
      - navigating to "http://localhost:3000/matches", waiting until "load"


      68 |
      69 |   test('Matches page displays matches grouped by league', async ({ page }) => {
    > 70 |     await page.goto('/matches');
         |                ^
      71 |     // Check breadcrumbs and headers
      72 |     await expect(page.locator('h1')).toContainText('جدول المباريات');
      73 |     await expect(page.locator('text="دوري أبطال أوروبا"').first()).toBeVisible();
        at C:\Users\naderelsadany\Desktop\Yalla Shoot New\e2e\match-list.spec.ts:70:16

    Error Context: test-results\match-list-Match-List-Live-f5db6-s-matches-grouped-by-league-firefox\error-context.md


[80/180] [firefox] › e2e\match-list.spec.ts:96:7 › Match List & Live Score Ticker (Tier 1) › Live score ticker displays matches
[81/180] [firefox] › e2e\match-list.spec.ts:111:7 › Match List & Live Score Ticker (Tier 2 - Boundaries & Error Cases) › Empty state when no matches exist on selected date in matches page
[82/180] [firefox] › e2e\match-list.spec.ts:125:7 › Match List & Live Score Ticker (Tier 2 - Boundaries & Error Cases) › API failure handling keeps page stable
  45) [firefox] › e2e\match-list.spec.ts:60:7 › Match List & Live Score Ticker (Tier 1) › Homepage displays list of matches 

    Error: page.goto: NS_ERROR_CONNECTION_REFUSED
    Call log:
      - navigating to "http://localhost:3000/", waiting until "load"


      59 |
      60 |   test('Homepage displays list of matches', async ({ page }) => {
    > 61 |     await page.goto('/');
         |                ^
      62 |     // Check main title
      63 |     await expect(page.locator('h1')).toContainText('تابع مباريات اليوم');
      64 |     // Check match card elements
        at C:\Users\naderelsadany\Desktop\Yalla Shoot New\e2e\match-list.spec.ts:61:16

    Error Context: test-results\match-list-Match-List-Live-a3631-ge-displays-list-of-matches-firefox\error-context.md


  46) [firefox] › e2e\match-list.spec.ts:76:7 › Match List & Live Score Ticker (Tier 1) › Match details page displays teams, score, and status info 

    Error: page.goto: NS_ERROR_CONNECTION_REFUSED
    Call log:
      - navigating to "http://localhost:3000/match/1", waiting until "load"


      75 |
      76 |   test('Match details page displays teams, score, and status info', async ({ page }) => {
    > 77 |     await page.goto('/match/1');
         |                ^
      78 |     // Check teams names
      79 |     await expect(page.locator('text="ليفربول"')).toBeVisible();
      80 |     await expect(page.locator('text="أرسنال"')).toBeVisible();
        at C:\Users\naderelsadany\Desktop\Yalla Shoot New\e2e\match-list.spec.ts:77:16

    Error Context: test-results\match-list-Match-List-Live-15516-teams-score-and-status-info-firefox\error-context.md


[83/180] [firefox] › e2e\match-list.spec.ts:139:7 › Match List & Live Score Ticker (Tier 2 - Boundaries & Error Cases) › Navigation to non-existent match details page triggers 404
[84/180] [firefox] › e2e\match-list.spec.ts:153:7 › Match List & Live Score Ticker (Tier 2 - Boundaries & Error Cases) › Invalid date in query parameter falls back gracefully
  47) [firefox] › e2e\match-list.spec.ts:88:7 › Match List & Live Score Ticker (Tier 1) › Clicking on a match card redirects to details page 

    Error: page.goto: NS_ERROR_CONNECTION_REFUSED
    Call log:
      - navigating to "http://localhost:3000/", waiting until "load"


      87 |
      88 |   test('Clicking on a match card redirects to details page', async ({ page }) => {
    > 89 |     await page.goto('/');
         |                ^
      90 |     // Click on Liverpool vs Arsenal card
      91 |     await page.click('text="ليفربول"');
      92 |     await page.waitForURL('**/match/1');
        at C:\Users\naderelsadany\Desktop\Yalla Shoot New\e2e\match-list.spec.ts:89:16

    Error Context: test-results\match-list-Match-List-Live-dd6a3-d-redirects-to-details-page-firefox\error-context.md


  48) [firefox] › e2e\match-list.spec.ts:125:7 › Match List & Live Score Ticker (Tier 2 - Boundaries & Error Cases) › API failure handling keeps page stable 

    Error: page.goto: NS_ERROR_CONNECTION_REFUSED
    Call log:
      - navigating to "http://localhost:3000/", waiting until "load"


      132 |     });
      133 |
    > 134 |     await page.goto('/');
          |                ^
      135 |     // Page should still load header/footer and not crash
      136 |     await expect(page.locator('h1')).toContainText('تابع مباريات اليوم');
      137 |   });
        at C:\Users\naderelsadany\Desktop\Yalla Shoot New\e2e\match-list.spec.ts:134:16

    Error Context: test-results\match-list-Match-List-Live-6c92b--handling-keeps-page-stable-firefox\error-context.md


  49) [firefox] › e2e\match-list.spec.ts:111:7 › Match List & Live Score Ticker (Tier 2 - Boundaries & Error Cases) › Empty state when no matches exist on selected date in matches page 

    Error: page.goto: NS_ERROR_CONNECTION_REFUSED
    Call log:
      - navigating to "http://localhost:3000/matches?date=2026-12-31", waiting until "load"


      119 |     });
      120 |
    > 121 |     await page.goto('/matches?date=2026-12-31');
          |                ^
      122 |     await expect(page.locator('text=لا توجد مباريات متاحة في هذا اليوم')).toBeVisible();
      123 |   });
      124 |
        at C:\Users\naderelsadany\Desktop\Yalla Shoot New\e2e\match-list.spec.ts:121:16

    Error Context: test-results\match-list-Match-List-Live-332d0-lected-date-in-matches-page-firefox\error-context.md


  50) [firefox] › e2e\match-list.spec.ts:96:7 › Match List & Live Score Ticker (Tier 1) › Live score ticker displays matches 

    Error: page.goto: NS_ERROR_CONNECTION_REFUSED
    Call log:
      - navigating to "http://localhost:3000/", waiting until "load"


       95 |
       96 |   test('Live score ticker displays matches', async ({ page }) => {
    >  97 |     await page.goto('/');
          |                ^
       98 |     // Expect ticker elements to exist
       99 |     await expect(page.locator('.animate-pulse').first()).toBeVisible();
      100 |     await expect(page.locator('text="ليفربول"')).toBeVisible();
        at C:\Users\naderelsadany\Desktop\Yalla Shoot New\e2e\match-list.spec.ts:97:16

    Error Context: test-results\match-list-Match-List-Live-969e0-ore-ticker-displays-matches-firefox\error-context.md


[85/180] [firefox] › e2e\match-list.spec.ts:168:7 › Match List & Live Score Ticker (Tier 2 - Boundaries & Error Cases) › Out of bounds page parameter shows empty state correctly
[86/180] [firefox] › e2e\player.spec.ts:4:7 › Player pSEO Profile (Tier 1) › Navigate to player page displays details header
[87/180] [firefox] › e2e\player.spec.ts:10:7 › Player pSEO Profile (Tier 1) › Player statistics table is visible
[88/180] [firefox] › e2e\player.spec.ts:15:7 › Player pSEO Profile (Tier 1) › Club and national team info are displayed
  51) [firefox] › e2e\match-list.spec.ts:139:7 › Match List & Live Score Ticker (Tier 2 - Boundaries & Error Cases) › Navigation to non-existent match details page triggers 404 

    Error: page.goto: NS_ERROR_CONNECTION_REFUSED
    Call log:
      - navigating to "http://localhost:3000/match/999999", waiting until "load"


      146 |     });
      147 |
    > 148 |     await page.goto('/match/999999');
          |                ^
      149 |     // Check that standard Next.js 404 page is displayed
      150 |     await expect(page.locator('text=404')).toBeVisible();
      151 |   });
        at C:\Users\naderelsadany\Desktop\Yalla Shoot New\e2e\match-list.spec.ts:148:16

    Error Context: test-results\match-list-Match-List-Live-adba0-h-details-page-triggers-404-firefox\error-context.md


  52) [firefox] › e2e\match-list.spec.ts:153:7 › Match List & Live Score Ticker (Tier 2 - Boundaries & Error Cases) › Invalid date in query parameter falls back gracefully 

    Error: page.goto: NS_ERROR_CONNECTION_REFUSED
    Call log:
      - navigating to "http://localhost:3000/matches?date=not-a-date", waiting until "load"


      161 |     });
      162 |
    > 163 |     await page.goto('/matches?date=not-a-date');
          |                ^
      164 |     // Page should fall back and load the match list or empty message without throwing error
      165 |     await expect(page.locator('h1')).toContainText('جدول المباريات');
      166 |   });
        at C:\Users\naderelsadany\Desktop\Yalla Shoot New\e2e\match-list.spec.ts:163:16

    Error Context: test-results\match-list-Match-List-Live-8f9d1-meter-falls-back-gracefully-firefox\error-context.md


[89/180] [firefox] › e2e\player.spec.ts:21:7 › Player pSEO Profile (Tier 1) › Structured Data (Schema.org) for Athlete exists
[90/180] [firefox] › e2e\player.spec.ts:27:7 › Player pSEO Profile (Tier 1) › Page has correct metadata tags
  53) [firefox] › e2e\match-list.spec.ts:168:7 › Match List & Live Score Ticker (Tier 2 - Boundaries & Error Cases) › Out of bounds page parameter shows empty state correctly 

    Error: page.goto: NS_ERROR_CONNECTION_REFUSED
    Call log:
      - navigating to "http://localhost:3000/matches?page=999", waiting until "load"


      176 |     });
      177 |
    > 178 |     await page.goto('/matches?page=999');
          |                ^
      179 |     await expect(page.locator('text=لا توجد مباريات متاحة في هذا اليوم')).toBeVisible();
      180 |   });
      181 | });
        at C:\Users\naderelsadany\Desktop\Yalla Shoot New\e2e\match-list.spec.ts:178:16

    Error Context: test-results\match-list-Match-List-Live-ea07f-shows-empty-state-correctly-firefox\error-context.md


  54) [firefox] › e2e\player.spec.ts:4:7 › Player pSEO Profile (Tier 1) › Navigate to player page displays details header 

    Error: page.goto: NS_ERROR_CONNECTION_REFUSED
    Call log:
      - navigating to "http://localhost:3000/players/messi", waiting until "load"


      3 | test.describe('Player pSEO Profile (Tier 1)', () => {
      4 |   test('Navigate to player page displays details header', async ({ page }) => {
    > 5 |     await page.goto('/players/messi');
        |                ^
      6 |     // Expect to fail since unimplemented
      7 |     await expect(page.locator('h1')).toContainText('ميسي');
      8 |   });
        at C:\Users\naderelsadany\Desktop\Yalla Shoot New\e2e\player.spec.ts:5:16

    Error Context: test-results\player-Player-pSEO-Profile-27ecc-age-displays-details-header-firefox\error-context.md


  55) [firefox] › e2e\player.spec.ts:15:7 › Player pSEO Profile (Tier 1) › Club and national team info are displayed 

    Error: page.goto: NS_ERROR_CONNECTION_REFUSED
    Call log:
      - navigating to "http://localhost:3000/players/messi", waiting until "load"


      14 |
      15 |   test('Club and national team info are displayed', async ({ page }) => {
    > 16 |     await page.goto('/players/messi');
         |                ^
      17 |     await expect(page.locator('text=النادي')).toBeVisible();
      18 |     await expect(page.locator('text=المنتخب')).toBeVisible();
      19 |   });
        at C:\Users\naderelsadany\Desktop\Yalla Shoot New\e2e\player.spec.ts:16:16

    Error Context: test-results\player-Player-pSEO-Profile-25c6a-nal-team-info-are-displayed-firefox\error-context.md


[91/180] [firefox] › e2e\player.spec.ts:35:7 › Player pSEO Profile (Tier 2 - Boundaries & Error Cases) › Accessing non-existent player ID returns 404
[92/180] [firefox] › e2e\player.spec.ts:53:7 › Player pSEO Profile (Tier 2 - Boundaries & Error Cases) › Free agent player displays free agent status
[93/180] [firefox] › e2e\player.spec.ts:40:7 › Player pSEO Profile (Tier 2 - Boundaries & Error Cases) › Player with no current season stats displays zeros gracefully
  56) [firefox] › e2e\player.spec.ts:10:7 › Player pSEO Profile (Tier 1) › Player statistics table is visible 

    Error: page.goto: NS_ERROR_CONNECTION_REFUSED
    Call log:
      - navigating to "http://localhost:3000/players/messi", waiting until "load"


       9 |
      10 |   test('Player statistics table is visible', async ({ page }) => {
    > 11 |     await page.goto('/players/messi');
         |                ^
      12 |     await expect(page.locator('text=الإحصائيات')).toBeVisible();
      13 |   });
      14 |
        at C:\Users\naderelsadany\Desktop\Yalla Shoot New\e2e\player.spec.ts:11:16

    Error Context: test-results\player-Player-pSEO-Profile-f1ef3-statistics-table-is-visible-firefox\error-context.md


[94/180] [firefox] › e2e\player.spec.ts:66:7 › Player pSEO Profile (Tier 2 - Boundaries & Error Cases) › Player with very long name or missing photos handles cleanly
  57) [firefox] › e2e\player.spec.ts:21:7 › Player pSEO Profile (Tier 1) › Structured Data (Schema.org) for Athlete exists 

    Test timeout of 30000ms exceeded.

    Error: page.goto: Test timeout of 30000ms exceeded.
    Call log:
      - navigating to "http://localhost:3000/players/messi", waiting until "load"


      20 |
      21 |   test('Structured Data (Schema.org) for Athlete exists', async ({ page }) => {
    > 22 |     await page.goto('/players/messi');
         |                ^
      23 |     const schemaScript = page.locator('script[type="application/ld+json"]');
      24 |     await expect(schemaScript).toBeDefined();
      25 |   });
        at C:\Users\naderelsadany\Desktop\Yalla Shoot New\e2e\player.spec.ts:22:16

    Error Context: test-results\player-Player-pSEO-Profile-b5898-hema-org-for-Athlete-exists-firefox\error-context.md


  58) [firefox] › e2e\player.spec.ts:27:7 › Player pSEO Profile (Tier 1) › Page has correct metadata tags 

    Test timeout of 30000ms exceeded.

    Error: page.goto: Test timeout of 30000ms exceeded.
    Call log:
      - navigating to "http://localhost:3000/players/messi", waiting until "load"


      26 |
      27 |   test('Page has correct metadata tags', async ({ page }) => {
    > 28 |     await page.goto('/players/messi');
         |                ^
      29 |     const description = page.locator('meta[name="description"]');
      30 |     await expect(description).toHaveAttribute('content', /تفاصيل وإحصائيات/);
      31 |   });
        at C:\Users\naderelsadany\Desktop\Yalla Shoot New\e2e\player.spec.ts:28:16

    Error Context: test-results\player-Player-pSEO-Profile-e736e-e-has-correct-metadata-tags-firefox\error-context.md


[95/180] [firefox] › e2e\player.spec.ts:79:7 › Player pSEO Profile (Tier 2 - Boundaries & Error Cases) › Supabase API crash handled gracefully on player page
[96/180] [firefox] › e2e\real-world.spec.ts:10:7 › Real-World Workloads (Tier 4) › Realistic user browsing journey
  59) [firefox] › e2e\player.spec.ts:35:7 › Player pSEO Profile (Tier 2 - Boundaries & Error Cases) › Accessing non-existent player ID returns 404 

    Test timeout of 30000ms exceeded.

    Error: page.goto: Test timeout of 30000ms exceeded.
    Call log:
      - navigating to "http://localhost:3000/players/999999", waiting until "load"


      34 | test.describe('Player pSEO Profile (Tier 2 - Boundaries & Error Cases)', () => {
      35 |   test('Accessing non-existent player ID returns 404', async ({ page }) => {
    > 36 |     await page.goto('/players/999999');
         |                ^
      37 |     await expect(page.locator('text=404')).toBeVisible();
      38 |   });
      39 |
        at C:\Users\naderelsadany\Desktop\Yalla Shoot New\e2e\player.spec.ts:36:16

    Error Context: test-results\player-Player-pSEO-Profile-46aed-stent-player-ID-returns-404-firefox\error-context.md


  60) [firefox] › e2e\player.spec.ts:53:7 › Player pSEO Profile (Tier 2 - Boundaries & Error Cases) › Free agent player displays free agent status 

    Test timeout of 30000ms exceeded.

    Error: page.goto: Test timeout of 30000ms exceeded.
    Call log:
      - navigating to "http://localhost:3000/players/free-agent", waiting until "load"


      60 |     });
      61 |
    > 62 |     await page.goto('/players/free-agent');
         |                ^
      63 |     await expect(page.locator('text=لاعب حر')).toBeVisible();
      64 |   });
      65 |
        at C:\Users\naderelsadany\Desktop\Yalla Shoot New\e2e\player.spec.ts:62:16

    Error Context: test-results\player-Player-pSEO-Profile-f49db--displays-free-agent-status-firefox\error-context.md


  61) [firefox] › e2e\player.spec.ts:40:7 › Player pSEO Profile (Tier 2 - Boundaries & Error Cases) › Player with no current season stats displays zeros gracefully 

    Test timeout of 30000ms exceeded.

    Error: page.goto: Test timeout of 30000ms exceeded.
    Call log:
      - navigating to "http://localhost:3000/players/no-stats", waiting until "load"


      47 |     });
      48 |
    > 49 |     await page.goto('/players/no-stats');
         |                ^
      50 |     await expect(page.locator('text=0').first()).toBeVisible();
      51 |   });
      52 |
        at C:\Users\naderelsadany\Desktop\Yalla Shoot New\e2e\player.spec.ts:49:16

    Error Context: test-results\player-Player-pSEO-Profile-91b66-s-displays-zeros-gracefully-firefox\error-context.md


[97/180] [firefox] › e2e\real-world.spec.ts:47:7 › Real-World Workloads (Tier 4) › Fast pacing navigation stress test
[98/180] [firefox] › e2e\real-world.spec.ts:58:7 › Real-World Workloads (Tier 4) › Real-time live match event simulation
[99/180] [firefox] › e2e\real-world.spec.ts:29:7 › Real-World Workloads (Tier 4) › World Cup tournament day user scenario
  62) [firefox] › e2e\player.spec.ts:66:7 › Player pSEO Profile (Tier 2 - Boundaries & Error Cases) › Player with very long name or missing photos handles cleanly 

    Test timeout of 30000ms exceeded.

    Error: page.goto: Test timeout of 30000ms exceeded.
    Call log:
      - navigating to "http://localhost:3000/players/long-name", waiting until "load"


      73 |     });
      74 |
    > 75 |     await page.goto('/players/long-name');
         |                ^
      76 |     await expect(page.locator('h1')).toBeVisible();
      77 |   });
      78 |
        at C:\Users\naderelsadany\Desktop\Yalla Shoot New\e2e\player.spec.ts:75:16

    Error Context: test-results\player-Player-pSEO-Profile-80738-sing-photos-handles-cleanly-firefox\error-context.md


[100/180] [firefox] › e2e\real-world.spec.ts:92:7 › Real-World Workloads (Tier 4) › RTL responsiveness and mobile navigation test
  63) [firefox] › e2e\player.spec.ts:79:7 › Player pSEO Profile (Tier 2 - Boundaries & Error Cases) › Supabase API crash handled gracefully on player page 

    Error: expect(locator).toBeVisible() failed

    Locator: locator('text=404')
    Expected: visible
    Timeout: 5000ms
    Error: element(s) not found

    Call log:
      - Expect "toBeVisible" with timeout 5000ms
      - waiting for locator('text=404')


      83 |
      84 |     await page.goto('/players/messi');
    > 85 |     await expect(page.locator('text=404')).toBeVisible();
         |                                            ^
      86 |   });
      87 | });
      88 |
        at C:\Users\naderelsadany\Desktop\Yalla Shoot New\e2e\player.spec.ts:85:44

    Error Context: test-results\player-Player-pSEO-Profile-c128d-d-gracefully-on-player-page-firefox\error-context.md


  64) [firefox] › e2e\real-world.spec.ts:10:7 › Real-World Workloads (Tier 4) › Realistic user browsing journey 

    Test timeout of 30000ms exceeded.

    Error: page.click: Test timeout of 30000ms exceeded.
    Call log:
      - waiting for locator('text="ليفربول"')


      14 |     await expect(page.locator('h1')).toContainText('تابع مباريات اليوم');
      15 |     
    > 16 |     // 2. Click on a match details page
         |                ^
      17 |     await page.click('text="ليفربول"');
      18 |     await page.waitForURL('**/match/1');
      19 |     await expect(page.locator('text=دوري أبطال أوروبا').first()).toBeVisible();
        at C:\Users\naderelsadany\Desktop\Yalla Shoot New\e2e\real-world.spec.ts:16:16

    Error Context: test-results\real-world-Real-World-Work-41c1b-istic-user-browsing-journey-firefox\error-context.md


[101/180] [firefox] › e2e\team.spec.ts:4:7 › Team pSEO Profile (Tier 1) › Navigate to team page displays team name and info
[102/180] [firefox] › e2e\team.spec.ts:10:7 › Team pSEO Profile (Tier 1) › Team squad list is visible
  65) [firefox] › e2e\real-world.spec.ts:29:7 › Real-World Workloads (Tier 4) › World Cup tournament day user scenario 

    Test timeout of 30000ms exceeded.

    Error: page.goto: Test timeout of 30000ms exceeded.
    Call log:
      - navigating to "http://localhost:3000/world-cup", waiting until "load"


      29 |
      30 |   test('World Cup tournament day user scenario', async ({ page }) => {
    > 31 |     // 1. Go to World Cup Hub
         |                ^
      32 |     await page.goto('/world-cup');
      33 |     await expect(page.locator('h1')).toContainText('كأس العالم');
      34 |
        at C:\Users\naderelsadany\Desktop\Yalla Shoot New\e2e\real-world.spec.ts:31:16

    Error Context: test-results\real-world-Real-World-Work-52aab-ournament-day-user-scenario-firefox\error-context.md


[103/180] [firefox] › e2e\team.spec.ts:15:7 › Team pSEO Profile (Tier 1) › Team standings position is visible
  66) [firefox] › e2e\real-world.spec.ts:58:7 › Real-World Workloads (Tier 4) › Real-time live match event simulation 

    Test timeout of 30000ms exceeded.

    Error: page.goto: Test timeout of 30000ms exceeded.
    Call log:
      - navigating to "http://localhost:3000/", waiting until "load"


      74 |       });
      75 |     });
    > 76 |
         | ^
      77 |     await page.goto('/');
      78 |     // Verify that the teams are displayed
      79 |     await expect(page.locator('text="ليفربول"').first()).toBeVisible();
        at C:\Users\naderelsadany\Desktop\Yalla Shoot New\e2e\real-world.spec.ts:76:16

    Error Context: test-results\real-world-Real-World-Work-66ee3-live-match-event-simulation-firefox\error-context.md


[104/180] [firefox] › e2e\team.spec.ts:20:7 › Team pSEO Profile (Tier 1) › Team logo is displayed
  67) [firefox] › e2e\real-world.spec.ts:92:7 › Real-World Workloads (Tier 4) › RTL responsiveness and mobile navigation test 

    Test timeout of 30000ms exceeded.

    Error: page.goto: Test timeout of 30000ms exceeded.
    Call log:
      - navigating to "http://localhost:3000/matches", waiting until "load"


      92 |
      93 |   test('RTL responsiveness and mobile navigation test', async ({ page }) => {
    > 94 |     await page.setViewportSize({ width: 360, height: 800 });
         |                ^
      95 |     await page.goto('/matches');
      96 |     
      97 |     // Check dir="rtl" on html element
        at C:\Users\naderelsadany\Desktop\Yalla Shoot New\e2e\real-world.spec.ts:94:16

    Error Context: test-results\real-world-Real-World-Work-60234--and-mobile-navigation-test-firefox\error-context.md


[105/180] [firefox] › e2e\team.spec.ts:33:7 › Team pSEO Profile (Tier 2 - Boundaries & Error Cases) › Accessing non-existent team ID returns 404
[106/180] [firefox] › e2e\team.spec.ts:38:7 › Team pSEO Profile (Tier 2 - Boundaries & Error Cases) › Team with no players registered displays empty squad message
[107/180] [firefox] › e2e\team.spec.ts:25:7 › Team pSEO Profile (Tier 1) › Structured Data for SportsTeam exists
[108/180] [firefox] › e2e\team.spec.ts:51:7 › Team pSEO Profile (Tier 2 - Boundaries & Error Cases) › Team not participating in any active league handles gracefully
  68) [firefox] › e2e\team.spec.ts:15:7 › Team pSEO Profile (Tier 1) › Team standings position is visible 

    Test timeout of 30000ms exceeded.

    Error: page.goto: Test timeout of 30000ms exceeded.
    Call log:
      - navigating to "http://localhost:3000/teams/ahly", waiting until "load"


      14 |     await expect(page.locator('h1')).toContainText('الأهلي');
      15 |   });
    > 16 |
         | ^
      17 |   test('Team squad list is visible', async ({ page }) => {
      18 |     await page.goto('/teams/ahly');
      19 |     await expect(page.locator('text=قائمة اللاعبين')).toBeVisible();
        at C:\Users\naderelsadany\Desktop\Yalla Shoot New\e2e\team.spec.ts:16:16

    Error Context: test-results\team-Team-pSEO-Profile-Tie-e17e6-andings-position-is-visible-firefox\error-context.md


  69) [firefox] › e2e\real-world.spec.ts:47:7 › Real-World Workloads (Tier 4) › Fast pacing navigation stress test 

    Test timeout of 90000ms exceeded.

    Error: page.goto: Test timeout of 90000ms exceeded.
    Call log:
      - navigating to "http://localhost:3000/match/1", waiting until "load"


      50 |     // Rapidly navigate between pages to ensure stability and no memory leaks/errors
      51 |     await page.goto('/');
    > 52 |     await page.goto('/matches');
         |                ^
      53 |     await page.goto('/match/1');
      54 |     await page.goto('/world-cup');
      55 |     await page.goto('/');
        at C:\Users\naderelsadany\Desktop\Yalla Shoot New\e2e\real-world.spec.ts:52:16

    Error Context: test-results\real-world-Real-World-Work-5588a-cing-navigation-stress-test-firefox\error-context.md


  70) [firefox] › e2e\team.spec.ts:38:7 › Team pSEO Profile (Tier 2 - Boundaries & Error Cases) › Team with no players registered displays empty squad message 

    Test timeout of 30000ms exceeded.

    Error: page.goto: Test timeout of 30000ms exceeded.
    Call log:
      - navigating to "http://localhost:3000/teams/no-players", waiting until "load"


      45 |   });
      46 |
    > 47 |   test('Accessing non-existent team ID returns 404', async ({ page }) => {
         |                ^
      48 |     await page.goto('/teams/999999');
      49 |     await expect(page.locator('text=404')).toBeVisible();
      50 |   });
        at C:\Users\naderelsadany\Desktop\Yalla Shoot New\e2e\team.spec.ts:47:16

    Error Context: test-results\team-Team-pSEO-Profile-Tie-c82ae-isplays-empty-squad-message-firefox\error-context.md


  71) [firefox] › e2e\team.spec.ts:33:7 › Team pSEO Profile (Tier 2 - Boundaries & Error Cases) › Accessing non-existent team ID returns 404 

    Test timeout of 30000ms exceeded.

    Error: page.goto: Test timeout of 30000ms exceeded.
    Call log:
      - navigating to "http://localhost:3000/teams/999999", waiting until "load"


      32 |   test('Structured Data for SportsTeam exists', async ({ page }) => {
      33 |     await page.goto('/teams/ahly');
    > 34 |     const schemaScript = page.locator('script[type="application/ld+json"]');
         |                ^
      35 |     await expect(schemaScript).toBeDefined();
      36 |   });
      37 | });
        at C:\Users\naderelsadany\Desktop\Yalla Shoot New\e2e\team.spec.ts:34:16

    Error Context: test-results\team-Team-pSEO-Profile-Tie-2f70b-xistent-team-ID-returns-404-firefox\error-context.md


[109/180] [firefox] › e2e\team.spec.ts:64:7 › Team pSEO Profile (Tier 2 - Boundaries & Error Cases) › Team without logo displays fallback team name or default logo
[110/180] [firefox] › e2e\team.spec.ts:77:7 › Team pSEO Profile (Tier 2 - Boundaries & Error Cases) › Supabase API crash handled gracefully on team page
[111/180] [firefox] › e2e\world-cup.spec.ts:4:7 › World Cup Hub (Tier 1) › Navigate to /world-cup displays World Cup Hub header
  72) [firefox] › e2e\team.spec.ts:20:7 › Team pSEO Profile (Tier 1) › Team logo is displayed ──────

    Test timeout of 30000ms exceeded.

    Error: page.goto: Test timeout of 30000ms exceeded.
    Call log:
      - navigating to "http://localhost:3000/teams/ahly", waiting until "load"


      19 |     await expect(page.locator('text=قائمة اللاعبين')).toBeVisible();
      20 |   });
    > 21 |
         | ^
      22 |   test('Team standings position is visible', async ({ page }) => {
      23 |     await page.goto('/teams/ahly');
      24 |     await expect(page.locator('text=الترتيب')).toBeVisible();
        at C:\Users\naderelsadany\Desktop\Yalla Shoot New\e2e\team.spec.ts:21:16

    Error Context: test-results\team-Team-pSEO-Profile-Tier-1-Team-logo-is-displayed-firefox\error-context.md


[112/180] [firefox] › e2e\world-cup.spec.ts:11:7 › World Cup Hub (Tier 1) › World Cup standings section is visible
[113/180] [firefox] › e2e\world-cup.spec.ts:17:7 › World Cup Hub (Tier 1) › World Cup top scorers section is visible
[114/180] [firefox] › e2e\world-cup.spec.ts:23:7 › World Cup Hub (Tier 1) › World Cup matches list is visible
[115/180] [firefox] › e2e\world-cup.spec.ts:29:7 › World Cup Hub (Tier 1) › Breadcrumbs exist and are correct
[116/180] [firefox] › e2e\world-cup.spec.ts:38:7 › World Cup Hub (Tier 2 - Boundaries & Error Cases) › Empty state handled for standings
[117/180] [firefox] › e2e\world-cup.spec.ts:53:7 › World Cup Hub (Tier 2 - Boundaries & Error Cases) › API failure handling during fetch does not crash page
[118/180] [firefox] › e2e\world-cup.spec.ts:63:7 › World Cup Hub (Tier 2 - Boundaries & Error Cases) › Accessing invalid league ID shows 404
  73) [firefox] › e2e\team.spec.ts:64:7 › Team pSEO Profile (Tier 2 - Boundaries & Error Cases) › Team without logo displays fallback team name or default logo 

    Test timeout of 30000ms exceeded.

    Error: page.goto: Test timeout of 30000ms exceeded.
    Call log:
      - navigating to "http://localhost:3000/teams/no-logo", waiting until "load"


      71 |       });
      72 |     });
    > 73 |
         | ^
      74 |     await page.goto('/teams/no-league');
      75 |     await expect(page.locator('text=لا يشارك في بطولة رسمية')).toBeVisible();
      76 |   });
        at C:\Users\naderelsadany\Desktop\Yalla Shoot New\e2e\team.spec.ts:73:16

    Error Context: test-results\team-Team-pSEO-Profile-Tie-6400b-k-team-name-or-default-logo-firefox\error-context.md


  74) [firefox] › e2e\team.spec.ts:77:7 › Team pSEO Profile (Tier 2 - Boundaries & Error Cases) › Supabase API crash handled gracefully on team page 

    Test timeout of 30000ms exceeded.

    Error: page.goto: Test timeout of 30000ms exceeded.
    Call log:
      - navigating to "http://localhost:3000/teams/ahly", waiting until "load"


      80 |       await route.fulfill({
      81 |         status: 200,
    > 82 |         contentType: 'application/json',
         |                ^
      83 |         body: JSON.stringify([{ id: 'no-logo', name: 'No Logo Club', logo_url: null }]),
      84 |       });
      85 |     });
        at C:\Users\naderelsadany\Desktop\Yalla Shoot New\e2e\team.spec.ts:82:16

    Error Context: test-results\team-Team-pSEO-Profile-Tie-f8727-led-gracefully-on-team-page-firefox\error-context.md


[119/180] [firefox] › e2e\world-cup.spec.ts:68:7 › World Cup Hub (Tier 2 - Boundaries & Error Cases) › Standings display correctly with missing team logo
[120/180] [firefox] › e2e\world-cup.spec.ts:83:7 › World Cup Hub (Tier 2 - Boundaries & Error Cases) › Out of bounds parameters on matches filter handles gracefully
  75) [firefox] › e2e\world-cup.spec.ts:53:7 › World Cup Hub (Tier 2 - Boundaries & Error Cases) › API failure handling during fetch does not crash page 

    Test timeout of 30000ms exceeded.

    Error: page.goto: Test timeout of 30000ms exceeded.
    Call log:
      - navigating to "http://localhost:3000/world-cup", waiting until "load"


      56 |         status: 200,
      57 |         contentType: 'application/json',
    > 58 |         body: JSON.stringify([]),
         |                ^
      59 |       });
      60 |     });
      61 |
        at C:\Users\naderelsadany\Desktop\Yalla Shoot New\e2e\world-cup.spec.ts:58:16

    Error Context: test-results\world-cup-World-Cup-Hub-Ti-5de2d-g-fetch-does-not-crash-page-firefox\error-context.md


  76) [firefox] › e2e\world-cup.spec.ts:38:7 › World Cup Hub (Tier 2 - Boundaries & Error Cases) › Empty state handled for standings 

    Test timeout of 30000ms exceeded.

    Error: expect(locator).toBeVisible() failed

    Locator: locator('text=لا يوجد ترتيب متاح حالياً')
    Expected: visible
    Error: element(s) not found

    Call log:
      - Expect "toBeVisible" with timeout 5000ms
      - waiting for locator('text=لا يوجد ترتيب متاح حالياً')


      48 |       (window as any).PLAYWRIGHT_TEST = true;
      49 |     });
    > 50 |   });
         |                ^
      51 |
      52 |   test('Empty state handled for standings', async ({ page }) => {
      53 |     // Route standings query to return empty data
        at C:\Users\naderelsadany\Desktop\Yalla Shoot New\e2e\world-cup.spec.ts:50:30

    Error Context: test-results\world-cup-World-Cup-Hub-Ti-028a9-state-handled-for-standings-firefox\error-context.md


[121/180] [webkit] › e2e\banner.spec.ts:12:7 › Sticky Live Score Banner (Tier 1) › Banner is visible on homepage
[122/180] [webkit] › e2e\banner.spec.ts:23:7 › Sticky Live Score Banner (Tier 1) › Banner is visible on match details page
[123/180] [webkit] › e2e\banner.spec.ts:18:7 › Sticky Live Score Banner (Tier 1) › Banner is visible on matches page
[124/180] [webkit] › e2e\banner.spec.ts:28:7 › Sticky Live Score Banner (Tier 1) › User can close/minimize the banner
[webkit] › e2e\banner.spec.ts:12:7 › Sticky Live Score Banner (Tier 1) › Banner is visible on homepage
PAGE LOG: Failed to load resource: Failure when receiving data from the peer

[webkit] › e2e\banner.spec.ts:23:7 › Sticky Live Score Banner (Tier 1) › Banner is visible on match details page
PAGE LOG: Failed to load resource: Failure when receiving data from the peer

